#
# A fatal error has been detected by the Java Runtime Environment:
#
#  EXCEPTION_ACCESS_VIOLATION (0xc0000005) at pc=0x0000000000000003, pid=7576, tid=11944
#
# JRE version: OpenJDK Runtime Environment Corretto-17.0.11.9.1 (17.0.11+9) (build 17.0.11+9-LTS)
# Java VM: OpenJDK 64-Bit Server VM Corretto-17.0.11.9.1 (17.0.11+9-LTS, mixed mode, sharing, tiered, compressed oops, compressed class ptrs, g1 gc, windows-amd64)
# Problematic frame:
# V  [jvm.dll+0x3098fc]
#
# No core dump will be written. Minidumps are not enabled by default on client versions of Windows
#
# If you would like to submit a bug report, please visit:
#   https://github.com/corretto/corretto-17/issues/
#

---------------  S U M M A R Y ------------

Command Line: --add-opens=java.base/java.util=ALL-UNNAMED --add-opens=java.base/java.lang=ALL-UNNAMED --add-opens=java.base/java.lang.invoke=ALL-UNNAMED --add-opens=java.prefs/java.util.prefs=ALL-UNNAMED --add-opens=java.base/java.nio.charset=ALL-UNNAMED --add-opens=java.base/java.net=ALL-UNNAMED --add-opens=java.base/java.util.concurrent.atomic=ALL-UNNAMED -XX:MaxMetaspaceSize=384m -XX:+HeapDumpOnOutOfMemoryError -Xms256m -Xmx512m -Dfile.encoding=windows-1252 -Duser.country=US -Duser.language=en -Duser.variant -javaagent:C:\Users\Home\.gradle\wrapper\dists\gradle-8.4-bin\1w5dpkrfk8irigvoxmyhowfim\gradle-8.4\lib\agents\gradle-instrumentation-agent-8.4.jar org.gradle.launcher.daemon.bootstrap.GradleDaemon 8.4

Host: Intel(R) Core(TM) i5-2400 CPU @ 3.10GHz, 4 cores, 9G,  Windows 10 , 64 bit Build 19041 (10.0.19041.3636)
Time: Sat Jun 15 19:27:55 2024 India Standard Time elapsed time: 104.450306 seconds (0d 0h 1m 44s)

---------------  T H R E A D  ---------------

Current thread (0x000001cc6e4e3900):  GCTaskThread "GC Thread#3" [stack: 0x0000002f89c00000,0x0000002f89d00000] [id=11944]

Stack: [0x0000002f89c00000,0x0000002f89d00000],  sp=0x0000002f89cff840,  free space=1022k
Native frames: (J=compiled Java code, j=interpreted, Vv=VM code, C=native code)
C  0x0000000000000003


siginfo: EXCEPTION_ACCESS_VIOLATION (0xc0000005), data execution prevention violation at address 0x0000000000000003


Registers:
RAX=0x00000000000001cc, RBX=0x0000000000000009, RCX=0x000001cc765e3c40, RDX=0x00000000ee4d5710
RSP=0x0000002f89cff838, RBP=0x000001cc765e3ac0, RSI=0x00000000ee4d5710, RDI=0x0000000000000001
R8 =0x000001cc019ed238, R9 =0x00007ff89b657fb8, R10=0x0000000000000002, R11=0x0000002f89cff630
R12=0x000000000e53b952, R13=0x0000000000000000, R14=0x0000000000000000, R15=0x00000000ee4d5710
RIP=0x0000000000000003, EFLAGS=0x0000000000010202


Register to memory mapping:

RIP=0x0000000000000003 is an unknown value
RAX=0x00000000000001cc is an unknown value
RBX=0x0000000000000009 is an unknown value
RCX=0x000001cc765e3c40 points into unknown readable memory: 0x00007ff89b4998a0 | a0 98 49 9b f8 7f 00 00
RDX=0x00000000ee4d5710 points into unknown readable memory: 0x00000000ee4d5713 | 13 57 4d ee 00 00 00 00
RSP=0x0000002f89cff838 points into unknown readable memory: 0x00007ff89ae498fc | fc 98 e4 9a f8 7f 00 00
RBP=0x000001cc765e3ac0 points into unknown readable memory: 0x00007ff89b4998e8 | e8 98 49 9b f8 7f 00 00
RSI=0x00000000ee4d5710 points into unknown readable memory: 0x00000000ee4d5713 | 13 57 4d ee 00 00 00 00
RDI=0x0000000000000001 is an unknown value
R8 =0x000001cc019ed238 is pointing into metadata
R9 =0x00007ff89b657fb8 jvm.dll
R10=0x0000000000000002 is an unknown value
R11=0x0000002f89cff630 points into unknown readable memory: 0x0000000000000000 | 00 00 00 00 00 00 00 00
R12=0x000000000e53b952 is an unknown value
R13=0x0 is NULL
R14=0x0 is NULL
R15=0x00000000ee4d5710 points into unknown readable memory: 0x00000000ee4d5713 | 13 57 4d ee 00 00 00 00


Top of Stack: (sp=0x0000002f89cff838)
0x0000002f89cff838:   00007ff89ae498fc 0000000000000009
0x0000002f89cff848:   000001cc765e3ac0 00000000ee4d5710
0x0000002f89cff858:   000001cc765e0100 00000000ee4d5710
0x0000002f89cff868:   00000000eaecda28 000001cc765e3ac0
0x0000002f89cff878:   000001cc019ed238 0000000000000000
0x0000002f89cff888:   00007ff89ae49197 0000000000000000
0x0000002f89cff898:   0000000000000000 0000000000000000
0x0000002f89cff8a8:   00000000e8566c00 0000000000000001
0x0000002f89cff8b8:   00007ff800000000 0000000000000009
0x0000002f89cff8c8:   000001cc53dd58f0 0000000000000001
0x0000002f89cff8d8:   00007ff89ae4f5e9 000001cc765e3c40
0x0000002f89cff8e8:   0000000000000000 0000000000000040
0x0000002f89cff8f8:   000001cc53d1e2d0 0000002f89cffb90
0x0000002f89cff908:   000001cc765e3ac0 00000000eaecd9e0
0x0000002f89cff918:   0000000000000c7b 00000000eaecd9e1
0x0000002f89cff928:   00007ff89ae4a102 0000000000040000
0x0000002f89cff938:   0000000000740001 0000000000000000
0x0000002f89cff948:   0000000000000009 000001cc6a882e80
0x0000002f89cff958:   0000000000000004 0000000000000100
0x0000002f89cff968:   0000002f89cffb90 00000000e85d0a00
0x0000002f89cff978:   00007ff89ae46ebe 0000002f89cffa30
0x0000002f89cff988:   000001cc765e3ac0 000001cc6a882e80
0x0000002f89cff998:   0000000000000004 000000003e2cf047
0x0000002f89cff9a8:   0000004af26c9724 0000002f89cffb90
0x0000002f89cff9b8:   00000000e85d0a00 00000000e85d1218
0x0000002f89cff9c8:   00007ff89ae554a3 00000000e85d0a00
0x0000002f89cff9d8:   0000002f89cff9f0 0000002f89cffa00
0x0000002f89cff9e8:   000001cc53d4cbe0 00000000e85d0a00
0x0000002f89cff9f8:   0000000000000100 00007ff89b49a7b8
0x0000002f89cffa08:   0000000000000000 000001cc53d30470
0x0000002f89cffa18:   000001cc765e3ac0 000001cc6a882ea0
0x0000002f89cffa28:   00007ff89ae5744e 0000000000042e85 

Instructions: (pc=0x00007ff89ae498fc)
0x00007ff89ae497fc:   ff 00 00 00 4c 8b 45 08 4c 89 74 24 60 41 8b 88
0x00007ff89ae4980c:   c0 01 00 00 49 8b 80 b0 01 00 00 48 d3 ea 4c 8b
0x00007ff89ae4981c:   34 d0 41 8b 8e 90 00 00 00 49 03 88 f0 04 00 00
0x00007ff89ae4982c:   0f b6 01 84 c0 75 61 ba 01 00 00 00 33 c0 f0 0f
0x00007ff89ae4983c:   b0 11 75 54 f0 41 0f c1 90 e8 04 00 00 48 83 3d
0x00007ff89ae4984c:   4f 89 87 00 00 74 41 48 89 7c 24 50 49 8d 8e 94
0x00007ff89ae4985c:   00 00 00 49 8b 7e 10 e8 c8 7f 05 00 49 8b 4e 08
0x00007ff89ae4986c:   48 8d 15 5d 00 65 00 4d 8b 0e 4c 8b c0 48 89 4c
0x00007ff89ae4987c:   24 28 48 8d 0d d3 88 64 00 48 89 7c 24 20 e8 e1
0x00007ff89ae4988c:   47 fc ff 48 8b 7c 24 50 8b 95 a8 01 00 00 4c 8b
0x00007ff89ae4989c:   cb 48 8b 4d 08 4c 8b c6 e8 47 71 fd ff 41 8b 86
0x00007ff89ae498ac:   94 00 00 00 4c 8b 74 24 60 d1 e8 83 e0 01 89 85
0x00007ff89ae498bc:   a0 01 00 00 80 3d c2 9b 87 00 00 74 16 44 8b 46
0x00007ff89ae498cc:   08 8b 0d 25 da 80 00 49 d3 e0 4c 03 05 13 da 80
0x00007ff89ae498dc:   00 eb 04 4c 8b 46 08 49 63 40 0c 4c 8d 0d ca e6
0x00007ff89ae498ec:   80 00 48 8d 8d 80 01 00 00 48 8b d6 41 ff 14 c1
0x00007ff89ae498fc:   48 8b c6 48 83 c4 30 5e 5d 5b c3 cc cc cc cc cc
0x00007ff89ae4990c:   cc cc cc cc 48 89 5c 24 10 48 89 6c 24 18 56 48
0x00007ff89ae4991c:   83 ec 30 33 db 48 8b ea 48 8b f1 39 59 30 76 5d
0x00007ff89ae4992c:   48 89 7c 24 40 48 8b 46 10 48 8b 14 d8 48 85 d2
0x00007ff89ae4993c:   74 3f 8b 85 a0 00 00 00 48 8d 0c 80 48 8b 82 20
0x00007ff89ae4994c:   02 00 00 48 8b 3c c8 48 8b 0e 48 8b 89 10 04 00
0x00007ff89ae4995c:   00 e8 8e 1f 00 00 48 8b c8 c7 44 24 20 04 00 00
0x00007ff89ae4996c:   00 4c 8b cf 44 8b c3 ba 10 00 00 00 e8 73 4f ff
0x00007ff89ae4997c:   ff ff c3 3b 5e 30 72 ad 48 8b 7c 24 40 48 8b 5c
0x00007ff89ae4998c:   24 48 48 8b 6c 24 50 48 83 c4 30 5e c3 cc cc cc
0x00007ff89ae4999c:   cc cc cc cc 48 89 5c 24 08 48 89 74 24 10 57 48
0x00007ff89ae499ac:   83 ec 40 48 8b 41 10 48 8b d9 8b f2 48 8d 3c f5
0x00007ff89ae499bc:   00 00 00 00 48 83 3c 07 00 75 4d 45 33 c0 b9 38
0x00007ff89ae499cc:   02 00 00 41 8d 50 05 e8 68 d2 d9 ff 48 8b c8 48
0x00007ff89ae499dc:   85 c0 74 28 48 8b 43 28 44 8b ce 4c 8b 43 08 48
0x00007ff89ae499ec:   8b 13 48 89 44 24 30 48 8b 43 20 48 89 44 24 28 


Stack slot to memory mapping:
stack at sp + 0 slots: 0x0000000000000009 is an unknown value
stack at sp + 1 slots: 0x000001cc765e3ac0 points into unknown readable memory: 0x00007ff89b4998e8 | e8 98 49 9b f8 7f 00 00
stack at sp + 2 slots: 0x00000000ee4d5710 points into unknown readable memory: 0x00000000ee4d5713 | 13 57 4d ee 00 00 00 00
stack at sp + 3 slots: 0x000001cc765e0100 points into unknown readable memory: 0x0000000000000000 | 00 00 00 00 00 00 00 00
stack at sp + 4 slots: 0x00000000ee4d5710 points into unknown readable memory: 0x00000000ee4d5713 | 13 57 4d ee 00 00 00 00
stack at sp + 5 slots: 
[error occurred during error reporting (inspecting top of stack), id 0xc0000005, EXCEPTION_ACCESS_VIOLATION (0xc0000005) at pc=0x00007ff89ae15351]


---------------  P R O C E S S  ---------------

Threads class SMR info:
_java_thread_list=0x000001cc777e7b00, length=57, elements={
0x000001cc53d1f110, 0x000001cc6e004390, 0x000001cc6e005120, 0x000001cc6e01b080,
0x000001cc6e01bb50, 0x000001cc6e01efd0, 0x000001cc6e01f8a0, 0x000001cc6e025eb0,
0x000001cc6e029110, 0x000001cc6e02e730, 0x000001cc6e255ba0, 0x000001cc6e31a940,
0x000001cc7424fe80, 0x000001cc73bfc3f0, 0x000001cc74077940, 0x000001cc74705f90,
0x000001cc74706470, 0x000001cc741d89b0, 0x000001cc741d8e90, 0x000001cc74713a10,
0x000001cc74ac91f0, 0x000001cc74ac9c10, 0x000001cc74ac82c0, 0x000001cc74ac87d0,
0x000001cc73ca83a0, 0x000001cc73ca88b0, 0x000001cc73ca8dc0, 0x000001cc73ca41d0,
0x000001cc73ca7980, 0x000001cc73ca6a50, 0x000001cc73ca37b0, 0x000001cc73ca5b20,
0x000001cc73ca3cc0, 0x000001cc73ca6f60, 0x000001cc73ca92d0, 0x000001cc73cab130,
0x000001cc75679110, 0x000001cc75679620, 0x000001cc73ca9cf0, 0x000001cc74a10560,
0x000001cc7567a040, 0x000001cc747f8810, 0x000001cc747f8d20, 0x000001cc747f7df0,
0x000001cc73ca7470, 0x000001cc7567aa60, 0x000001cc765fde30, 0x000001cc747f78e0,
0x000001cc77756070, 0x000001cc73ca7e90, 0x000001cc74ac8ce0, 0x000001cc767af380,
0x000001cc777574b0, 0x000001cc767aee70, 0x000001cc767af890, 0x000001cc767afda0,
0x000001cc767b07c0
}

Java Threads: ( => current thread )
  0x000001cc53d1f110 JavaThread "main" [_thread_blocked, id=9284, stack(0x0000002f88700000,0x0000002f88800000)]
  0x000001cc6e004390 JavaThread "Reference Handler" daemon [_thread_blocked, id=3920, stack(0x0000002f88e00000,0x0000002f88f00000)]
  0x000001cc6e005120 JavaThread "Finalizer" daemon [_thread_blocked, id=4752, stack(0x0000002f88f00000,0x0000002f89000000)]
  0x000001cc6e01b080 JavaThread "Signal Dispatcher" daemon [_thread_blocked, id=6288, stack(0x0000002f89000000,0x0000002f89100000)]
  0x000001cc6e01bb50 JavaThread "Attach Listener" daemon [_thread_blocked, id=6196, stack(0x0000002f89100000,0x0000002f89200000)]
  0x000001cc6e01efd0 JavaThread "Service Thread" daemon [_thread_blocked, id=8708, stack(0x0000002f89200000,0x0000002f89300000)]
  0x000001cc6e01f8a0 JavaThread "Monitor Deflation Thread" daemon [_thread_blocked, id=12140, stack(0x0000002f89300000,0x0000002f89400000)]
  0x000001cc6e025eb0 JavaThread "C2 CompilerThread0" daemon [_thread_blocked, id=11576, stack(0x0000002f89400000,0x0000002f89500000)]
  0x000001cc6e029110 JavaThread "C1 CompilerThread0" daemon [_thread_blocked, id=2496, stack(0x0000002f89500000,0x0000002f89600000)]
  0x000001cc6e02e730 JavaThread "Sweeper thread" daemon [_thread_blocked, id=8336, stack(0x0000002f89600000,0x0000002f89700000)]
  0x000001cc6e255ba0 JavaThread "Common-Cleaner" daemon [_thread_blocked, id=11384, stack(0x0000002f89700000,0x0000002f89800000)]
  0x000001cc6e31a940 JavaThread "Notification Thread" daemon [_thread_blocked, id=8960, stack(0x0000002f89800000,0x0000002f89900000)]
  0x000001cc7424fe80 JavaThread "Daemon health stats" [_thread_blocked, id=3184, stack(0x0000002f89d00000,0x0000002f89e00000)]
  0x000001cc73bfc3f0 JavaThread "Incoming local TCP Connector on port 59344" [_thread_in_native, id=12088, stack(0x0000002f89e00000,0x0000002f89f00000)]
  0x000001cc74077940 JavaThread "Daemon periodic checks" [_thread_blocked, id=8216, stack(0x0000002f89f00000,0x0000002f8a000000)]
  0x000001cc74705f90 JavaThread "Daemon" [_thread_blocked, id=5108, stack(0x0000002f8a000000,0x0000002f8a100000)]
  0x000001cc74706470 JavaThread "Handler for socket connection from /127.0.0.1:59344 to /127.0.0.1:59345" [_thread_in_native, id=10520, stack(0x0000002f8a100000,0x0000002f8a200000)]
  0x000001cc741d89b0 JavaThread "Cancel handler" [_thread_blocked, id=10224, stack(0x0000002f8a200000,0x0000002f8a300000)]
  0x000001cc741d8e90 JavaThread "Daemon worker" [_thread_blocked, id=11552, stack(0x0000002f8a300000,0x0000002f8a400000)]
  0x000001cc74713a10 JavaThread "Asynchronous log dispatcher for DefaultDaemonConnection: socket connection from /127.0.0.1:59344 to /127.0.0.1:59345" [_thread_blocked, id=10264, stack(0x0000002f8a400000,0x0000002f8a500000)]
  0x000001cc74ac91f0 JavaThread "Daemon client event forwarder" [_thread_blocked, id=6968, stack(0x0000002f8a600000,0x0000002f8a700000)]
  0x000001cc74ac9c10 JavaThread "Cache worker for journal cache (C:\Users\Home\.gradle\caches\journal-1)" [_thread_blocked, id=4944, stack(0x0000002f8a700000,0x0000002f8a800000)]
  0x000001cc74ac82c0 JavaThread "File lock request listener" [_thread_in_native, id=4816, stack(0x0000002f8a800000,0x0000002f8a900000)]
  0x000001cc74ac87d0 JavaThread "Cache worker for file hash cache (C:\Users\Home\.gradle\caches\8.4\fileHashes)" [_thread_blocked, id=11368, stack(0x0000002f8a900000,0x0000002f8aa00000)]
  0x000001cc73ca83a0 JavaThread "File watcher server" daemon [_thread_in_native, id=10412, stack(0x0000002f8aa00000,0x0000002f8ab00000)]
  0x000001cc73ca88b0 JavaThread "File watcher consumer" daemon [_thread_blocked, id=920, stack(0x0000002f8ab00000,0x0000002f8ac00000)]
  0x000001cc73ca8dc0 JavaThread "jar transforms" [_thread_blocked, id=1108, stack(0x0000002f8ac00000,0x0000002f8ad00000)]
  0x000001cc73ca41d0 JavaThread "jar transforms Thread 2" [_thread_blocked, id=10332, stack(0x0000002f8ad00000,0x0000002f8ae00000)]
  0x000001cc73ca7980 JavaThread "jar transforms Thread 3" [_thread_blocked, id=8412, stack(0x0000002f8ae00000,0x0000002f8af00000)]
  0x000001cc73ca6a50 JavaThread "jar transforms Thread 4" [_thread_blocked, id=492, stack(0x0000002f8af00000,0x0000002f8b000000)]
  0x000001cc73ca37b0 JavaThread "Cache worker for checksums cache (E:\Intellij\SilkClient\.gradle\8.4\checksums)" [_thread_blocked, id=11268, stack(0x0000002f8b000000,0x0000002f8b100000)]
  0x000001cc73ca5b20 JavaThread "Cache worker for file hash cache (E:\Intellij\SilkClient\.gradle\8.4\fileHashes)" [_thread_blocked, id=1660, stack(0x0000002f8b100000,0x0000002f8b200000)]
  0x000001cc73ca3cc0 JavaThread "Cache worker for cache directory md-supplier (C:\Users\Home\.gradle\caches\8.4\md-supplier)" [_thread_blocked, id=6884, stack(0x0000002f8b200000,0x0000002f8b300000)]
  0x000001cc73ca6f60 JavaThread "Cache worker for file content cache (C:\Users\Home\.gradle\caches\8.4\fileContent)" [_thread_blocked, id=11544, stack(0x0000002f8b300000,0x0000002f8b400000)]
  0x000001cc73ca92d0 JavaThread "Cache worker for cache directory md-rule (C:\Users\Home\.gradle\caches\8.4\md-rule)" [_thread_blocked, id=3792, stack(0x0000002f8b400000,0x0000002f8b500000)]
  0x000001cc73cab130 JavaThread "Cache worker for execution history cache (C:\Users\Home\.gradle\caches\8.4\executionHistory)" [_thread_blocked, id=6432, stack(0x0000002f8b500000,0x0000002f8b600000)]
  0x000001cc75679110 JavaThread "Cache worker for kotlin-dsl (C:\Users\Home\.gradle\caches\8.4\kotlin-dsl)" [_thread_blocked, id=5608, stack(0x0000002f8b800000,0x0000002f8b900000)]
  0x000001cc75679620 JavaThread "Unconstrained build operations" [_thread_blocked, id=11644, stack(0x0000002f8b700000,0x0000002f8b800000)]
  0x000001cc73ca9cf0 JavaThread "Unconstrained build operations Thread 2" [_thread_blocked, id=5216, stack(0x0000002f8b900000,0x0000002f8ba00000)]
  0x000001cc74a10560 JavaThread "Cache worker for dependencies-accessors (E:\Intellij\SilkClient\.gradle\8.4\dependencies-accessors)" [_thread_blocked, id=9460, stack(0x0000002f8bb00000,0x0000002f8bc00000)]
  0x000001cc7567a040 JavaThread "Cache worker for Build Output Cleanup Cache (E:\Intellij\SilkClient\.gradle\buildOutputCleanup)" [_thread_blocked, id=2748, stack(0x0000002f8ba00000,0x0000002f8bb00000)]
  0x000001cc747f8810 JavaThread "Unconstrained build operations Thread 3" [_thread_blocked, id=10784, stack(0x0000002f88400000,0x0000002f88500000)]
  0x000001cc747f8d20 JavaThread "Unconstrained build operations Thread 4" [_thread_blocked, id=10856, stack(0x0000002f88500000,0x0000002f88600000)]
  0x000001cc747f7df0 JavaThread "Unconstrained build operations Thread 5" [_thread_blocked, id=10948, stack(0x0000002f88600000,0x0000002f88700000)]
  0x000001cc73ca7470 JavaThread "Memory manager" [_thread_blocked, id=7756, stack(0x0000002f8bf00000,0x0000002f8c000000)]
  0x000001cc7567aa60 JavaThread "build event listener" [_thread_blocked, id=11892, stack(0x0000002f8a500000,0x0000002f8a600000)]
  0x000001cc765fde30 JavaThread "ForkJoinPool.commonPool-worker-1" daemon [_thread_blocked, id=9992, stack(0x0000002f8c000000,0x0000002f8c100000)]
  0x000001cc747f78e0 JavaThread "ForkJoinPool.commonPool-worker-2" daemon [_thread_blocked, id=12280, stack(0x0000002f8c100000,0x0000002f8c200000)]
  0x000001cc77756070 JavaThread "ForkJoinPool.commonPool-worker-3" daemon [_thread_blocked, id=7584, stack(0x0000002f8c200000,0x0000002f8c300000)]
  0x000001cc73ca7e90 JavaThread "Exec process" [_thread_blocked, id=8700, stack(0x0000002f8c300000,0x0000002f8c400000)]
  0x000001cc74ac8ce0 JavaThread "Exec process Thread 2" [_thread_blocked, id=11296, stack(0x0000002f8c400000,0x0000002f8c500000)]
  0x000001cc767af380 JavaThread "Exec process Thread 3" [_thread_blocked, id=2720, stack(0x0000002f8c500000,0x0000002f8c600000)]
  0x000001cc777574b0 JavaThread "included builds" [_thread_blocked, id=9288, stack(0x0000002f8c600000,0x0000002f8c700000)]
  0x000001cc767aee70 JavaThread "Execution worker" [_thread_blocked, id=7720, stack(0x0000002f8c700000,0x0000002f8c800000)]
  0x000001cc767af890 JavaThread "Execution worker Thread 2" [_thread_blocked, id=624, stack(0x0000002f8c800000,0x0000002f8c900000)]
  0x000001cc767afda0 JavaThread "Execution worker Thread 3" [_thread_blocked, id=8640, stack(0x0000002f8c900000,0x0000002f8ca00000)]
  0x000001cc767b07c0 JavaThread "Cache worker for execution history cache (E:\Intellij\SilkClient\.gradle\8.4\executionHistory)" [_thread_blocked, id=9480, stack(0x0000002f8ca00000,0x0000002f8cb00000)]

Other Threads:
  0x000001cc6e000820 VMThread "VM Thread" [stack: 0x0000002f88d00000,0x0000002f88e00000] [id=7772]
  0x000001cc53d1fee0 WatcherThread [stack: 0x0000002f89900000,0x0000002f89a00000] [id=5084]
  0x000001cc53d4c6b0 GCTaskThread "GC Thread#0" [stack: 0x0000002f88800000,0x0000002f88900000] [id=7904]
  0x000001cc6e57ed00 GCTaskThread "GC Thread#1" [stack: 0x0000002f89a00000,0x0000002f89b00000] [id=2824]
  0x000001cc6e7c8ca0 GCTaskThread "GC Thread#2" [stack: 0x0000002f89b00000,0x0000002f89c00000] [id=3908]
=>0x000001cc6e4e3900 GCTaskThread "GC Thread#3" [stack: 0x0000002f89c00000,0x0000002f89d00000] [id=11944]
  0x000001cc53d51510 ConcurrentGCThread "G1 Main Marker" [stack: 0x0000002f88900000,0x0000002f88a00000] [id=3804]
  0x000001cc53d52e50 ConcurrentGCThread "G1 Conc#0" [stack: 0x0000002f88a00000,0x0000002f88b00000] [id=11096]
  0x000001cc53ddcb00 ConcurrentGCThread "G1 Refine#0" [stack: 0x0000002f88b00000,0x0000002f88c00000] [id=12132]
  0x000001cc74c39c40 ConcurrentGCThread "G1 Refine#1" [stack: 0x0000002f8b600000,0x0000002f8b700000] [id=11288]
  0x000001cc7328adc0 ConcurrentGCThread "G1 Refine#2" [stack: 0x0000002f8be00000,0x0000002f8bf00000] [id=10748]
  0x000001cc53ddd440 ConcurrentGCThread "G1 Service" [stack: 0x0000002f88c00000,0x0000002f88d00000] [id=9416]

Threads with active compile tasks:
C2 CompilerThread0   104536 13662 %     4       org.gradle.internal.instantiation.generator.AbstractClassGenerator::inspectType @ 207 (560 bytes)

VM state: at safepoint (normal execution)

VM Mutex/Monitor currently owned by a thread:  ([mutex/lock_event])
[0x000001cc53d199b0] Threads_lock - owner thread: 0x000001cc6e000820
[0x000001cc53d1a6a0] Heap_lock - owner thread: 0x000001cc741d8e90

Heap address: 0x00000000e0000000, size: 512 MB, Compressed Oops mode: 32-bit

CDS archive(s) mapped at: [0x000001cc00000000-0x000001cc00bb0000-0x000001cc00bb0000), size 12255232, SharedBaseAddress: 0x000001cc00000000, ArchiveRelocationMode: 1.
Compressed class space mapped at: 0x000001cc01000000-0x000001cc15000000, reserved size: 335544320
Narrow klass base: 0x000001cc00000000, Narrow klass shift: 0, Narrow klass range: 0x100000000

GC Precious Log:
 CPUs: 4 total, 4 available
 Memory: 10196M
 Large Page Support: Disabled
 NUMA Support: Disabled
 Compressed Oops: Enabled (32-bit)
 Heap Region Size: 1M
 Heap Min Capacity: 256M
 Heap Initial Capacity: 256M
 Heap Max Capacity: 512M
 Pre-touch: Disabled
 Parallel Workers: 4
 Concurrent Workers: 1
 Concurrent Refinement Workers: 4
 Periodic GC: Disabled

Heap:
 garbage-first heap   total 262144K, used 225015K [0x00000000e0000000, 0x0000000100000000)
  region size 1024K, 78 young (79872K), 7 survivors (7168K)
 Metaspace       used 124299K, committed 125184K, reserved 458752K
  class space    used 16080K, committed 16512K, reserved 327680K

Heap Regions: E=young(eden), S=young(survivor), O=old, HS=humongous(starts), HC=humongous(continues), CS=collection set, F=free, OA=open archive, CA=closed archive, TAMS=top-at-mark-start (previous, next)
|   0|0x00000000e0000000, 0x00000000e0100000, 0x00000000e0100000|100%| O|  |TAMS 0x00000000e0100000, 0x00000000e0000000| Untracked 
|   1|0x00000000e0100000, 0x00000000e0200000, 0x00000000e0200000|100%| O|  |TAMS 0x00000000e0200000, 0x00000000e0100000| Untracked 
|   2|0x00000000e0200000, 0x00000000e0300000, 0x00000000e0300000|100%|HS|  |TAMS 0x00000000e0300000, 0x00000000e0200000| Complete 
|   3|0x00000000e0300000, 0x00000000e0400000, 0x00000000e0400000|100%|HC|  |TAMS 0x00000000e0400000, 0x00000000e0300000| Complete 
|   4|0x00000000e0400000, 0x00000000e0500000, 0x00000000e0500000|100%|HC|  |TAMS 0x00000000e0500000, 0x00000000e0400000| Complete 
|   5|0x00000000e0500000, 0x00000000e0600000, 0x00000000e0600000|100%|HC|  |TAMS 0x00000000e0600000, 0x00000000e0500000| Complete 
|   6|0x00000000e0600000, 0x00000000e0700000, 0x00000000e0700000|100%| O|  |TAMS 0x00000000e0700000, 0x00000000e0600000| Untracked 
|   7|0x00000000e0700000, 0x00000000e0800000, 0x00000000e0800000|100%| O|  |TAMS 0x00000000e0800000, 0x00000000e0700000| Untracked 
|   8|0x00000000e0800000, 0x00000000e0900000, 0x00000000e0900000|100%| O|  |TAMS 0x00000000e0900000, 0x00000000e0800000| Untracked 
|   9|0x00000000e0900000, 0x00000000e0a00000, 0x00000000e0a00000|100%| O|  |TAMS 0x00000000e0a00000, 0x00000000e0900000| Untracked 
|  10|0x00000000e0a00000, 0x00000000e0b00000, 0x00000000e0b00000|100%| O|  |TAMS 0x00000000e0b00000, 0x00000000e0a00000| Untracked 
|  11|0x00000000e0b00000, 0x00000000e0c00000, 0x00000000e0c00000|100%| O|  |TAMS 0x00000000e0c00000, 0x00000000e0b00000| Untracked 
|  12|0x00000000e0c00000, 0x00000000e0d00000, 0x00000000e0d00000|100%|HS|  |TAMS 0x00000000e0d00000, 0x00000000e0c00000| Complete 
|  13|0x00000000e0d00000, 0x00000000e0e00000, 0x00000000e0e00000|100%|HC|  |TAMS 0x00000000e0e00000, 0x00000000e0d00000| Complete 
|  14|0x00000000e0e00000, 0x00000000e0f00000, 0x00000000e0f00000|100%|HC|  |TAMS 0x00000000e0f00000, 0x00000000e0e00000| Complete 
|  15|0x00000000e0f00000, 0x00000000e1000000, 0x00000000e1000000|100%|HC|  |TAMS 0x00000000e1000000, 0x00000000e0f00000| Complete 
|  16|0x00000000e1000000, 0x00000000e1100000, 0x00000000e1100000|100%|HC|  |TAMS 0x00000000e1100000, 0x00000000e1000000| Complete 
|  17|0x00000000e1100000, 0x00000000e1200000, 0x00000000e1200000|100%|HS|  |TAMS 0x00000000e1200000, 0x00000000e1100000| Complete 
|  18|0x00000000e1200000, 0x00000000e1300000, 0x00000000e1300000|100%|HC|  |TAMS 0x00000000e1300000, 0x00000000e1200000| Complete 
|  19|0x00000000e1300000, 0x00000000e1400000, 0x00000000e1400000|100%|HC|  |TAMS 0x00000000e1400000, 0x00000000e1300000| Complete 
|  20|0x00000000e1400000, 0x00000000e1500000, 0x00000000e1500000|100%|HS|  |TAMS 0x00000000e1500000, 0x00000000e1400000| Complete 
|  21|0x00000000e1500000, 0x00000000e1600000, 0x00000000e1600000|100%|HC|  |TAMS 0x00000000e1600000, 0x00000000e1500000| Complete 
|  22|0x00000000e1600000, 0x00000000e1700000, 0x00000000e1700000|100%|HC|  |TAMS 0x00000000e1700000, 0x00000000e1600000| Complete 
|  23|0x00000000e1700000, 0x00000000e1800000, 0x00000000e1800000|100%|HS|  |TAMS 0x00000000e1800000, 0x00000000e1700000| Complete 
|  24|0x00000000e1800000, 0x00000000e1900000, 0x00000000e1900000|100%| O|  |TAMS 0x00000000e1900000, 0x00000000e1800000| Untracked 
|  25|0x00000000e1900000, 0x00000000e1a00000, 0x00000000e1a00000|100%| O|  |TAMS 0x00000000e1a00000, 0x00000000e1900000| Untracked 
|  26|0x00000000e1a00000, 0x00000000e1b00000, 0x00000000e1b00000|100%| O|  |TAMS 0x00000000e1b00000, 0x00000000e1a00000| Untracked 
|  27|0x00000000e1b00000, 0x00000000e1c00000, 0x00000000e1c00000|100%| O|  |TAMS 0x00000000e1c00000, 0x00000000e1b00000| Untracked 
|  28|0x00000000e1c00000, 0x00000000e1d00000, 0x00000000e1d00000|100%| O|  |TAMS 0x00000000e1d00000, 0x00000000e1c00000| Untracked 
|  29|0x00000000e1d00000, 0x00000000e1e00000, 0x00000000e1e00000|100%| O|  |TAMS 0x00000000e1e00000, 0x00000000e1d00000| Untracked 
|  30|0x00000000e1e00000, 0x00000000e1f00000, 0x00000000e1f00000|100%| O|  |TAMS 0x00000000e1f00000, 0x00000000e1e00000| Untracked 
|  31|0x00000000e1f00000, 0x00000000e2000000, 0x00000000e2000000|100%| O|  |TAMS 0x00000000e2000000, 0x00000000e1f00000| Untracked 
|  32|0x00000000e2000000, 0x00000000e2100000, 0x00000000e2100000|100%| O|  |TAMS 0x00000000e2100000, 0x00000000e2000000| Untracked 
|  33|0x00000000e2100000, 0x00000000e2200000, 0x00000000e2200000|100%| O|  |TAMS 0x00000000e2200000, 0x00000000e2100000| Untracked 
|  34|0x00000000e2200000, 0x00000000e2300000, 0x00000000e2300000|100%| O|  |TAMS 0x00000000e2300000, 0x00000000e2200000| Untracked 
|  35|0x00000000e2300000, 0x00000000e2400000, 0x00000000e2400000|100%| O|  |TAMS 0x00000000e2400000, 0x00000000e2300000| Untracked 
|  36|0x00000000e2400000, 0x00000000e2500000, 0x00000000e2500000|100%| O|  |TAMS 0x00000000e2500000, 0x00000000e2400000| Untracked 
|  37|0x00000000e2500000, 0x00000000e2600000, 0x00000000e2600000|100%| O|  |TAMS 0x00000000e2600000, 0x00000000e2500000| Untracked 
|  38|0x00000000e2600000, 0x00000000e2700000, 0x00000000e2700000|100%| O|  |TAMS 0x00000000e2700000, 0x00000000e2600000| Untracked 
|  39|0x00000000e2700000, 0x00000000e2800000, 0x00000000e2800000|100%| O|  |TAMS 0x00000000e2800000, 0x00000000e2700000| Untracked 
|  40|0x00000000e2800000, 0x00000000e2900000, 0x00000000e2900000|100%|HS|  |TAMS 0x00000000e2900000, 0x00000000e2800000| Complete 
|  41|0x00000000e2900000, 0x00000000e2a00000, 0x00000000e2a00000|100%|HC|  |TAMS 0x00000000e2a00000, 0x00000000e2900000| Complete 
|  42|0x00000000e2a00000, 0x00000000e2b00000, 0x00000000e2b00000|100%|HC|  |TAMS 0x00000000e2b00000, 0x00000000e2a00000| Complete 
|  43|0x00000000e2b00000, 0x00000000e2c00000, 0x00000000e2c00000|100%|HC|  |TAMS 0x00000000e2c00000, 0x00000000e2b00000| Complete 
|  44|0x00000000e2c00000, 0x00000000e2d00000, 0x00000000e2d00000|100%|HC|  |TAMS 0x00000000e2d00000, 0x00000000e2c00000| Complete 
|  45|0x00000000e2d00000, 0x00000000e2e00000, 0x00000000e2e00000|100%| O|  |TAMS 0x00000000e2e00000, 0x00000000e2d00000| Untracked 
|  46|0x00000000e2e00000, 0x00000000e2f00000, 0x00000000e2f00000|100%| O|  |TAMS 0x00000000e2f00000, 0x00000000e2e00000| Untracked 
|  47|0x00000000e2f00000, 0x00000000e3000000, 0x00000000e3000000|100%| O|  |TAMS 0x00000000e3000000, 0x00000000e2f00000| Untracked 
|  48|0x00000000e3000000, 0x00000000e3100000, 0x00000000e3100000|100%| O|  |TAMS 0x00000000e3100000, 0x00000000e3000000| Untracked 
|  49|0x00000000e3100000, 0x00000000e3200000, 0x00000000e3200000|100%| O|  |TAMS 0x00000000e3200000, 0x00000000e3100000| Untracked 
|  50|0x00000000e3200000, 0x00000000e3300000, 0x00000000e3300000|100%| O|  |TAMS 0x00000000e3300000, 0x00000000e3200000| Complete 
|  51|0x00000000e3300000, 0x00000000e3400000, 0x00000000e3400000|100%| O|  |TAMS 0x00000000e3400000, 0x00000000e3300000| Untracked 
|  52|0x00000000e3400000, 0x00000000e3500000, 0x00000000e3500000|100%| O|  |TAMS 0x00000000e3500000, 0x00000000e3400000| Untracked 
|  53|0x00000000e3500000, 0x00000000e3600000, 0x00000000e3600000|100%| O|  |TAMS 0x00000000e3600000, 0x00000000e3500000| Untracked 
|  54|0x00000000e3600000, 0x00000000e3700000, 0x00000000e3700000|100%| O|  |TAMS 0x00000000e3700000, 0x00000000e3600000| Untracked 
|  55|0x00000000e3700000, 0x00000000e3800000, 0x00000000e3800000|100%| O|  |TAMS 0x00000000e3800000, 0x00000000e3700000| Untracked 
|  56|0x00000000e3800000, 0x00000000e3900000, 0x00000000e3900000|100%| O|  |TAMS 0x00000000e3900000, 0x00000000e3800000| Untracked 
|  57|0x00000000e3900000, 0x00000000e3a00000, 0x00000000e3a00000|100%|HS|  |TAMS 0x00000000e3a00000, 0x00000000e3900000| Complete 
|  58|0x00000000e3a00000, 0x00000000e3b00000, 0x00000000e3b00000|100%|HC|  |TAMS 0x00000000e3b00000, 0x00000000e3a00000| Complete 
|  59|0x00000000e3b00000, 0x00000000e3c00000, 0x00000000e3c00000|100%|HC|  |TAMS 0x00000000e3c00000, 0x00000000e3b00000| Complete 
|  60|0x00000000e3c00000, 0x00000000e3d00000, 0x00000000e3d00000|100%|HC|  |TAMS 0x00000000e3d00000, 0x00000000e3c00000| Complete 
|  61|0x00000000e3d00000, 0x00000000e3e00000, 0x00000000e3e00000|100%|HC|  |TAMS 0x00000000e3e00000, 0x00000000e3d00000| Complete 
|  62|0x00000000e3e00000, 0x00000000e3f00000, 0x00000000e3f00000|100%|HC|  |TAMS 0x00000000e3f00000, 0x00000000e3e00000| Complete 
|  63|0x00000000e3f00000, 0x00000000e4000000, 0x00000000e4000000|100%| O|  |TAMS 0x00000000e4000000, 0x00000000e3f00000| Untracked 
|  64|0x00000000e4000000, 0x00000000e4100000, 0x00000000e4100000|100%| O|  |TAMS 0x00000000e4100000, 0x00000000e4000000| Untracked 
|  65|0x00000000e4100000, 0x00000000e4200000, 0x00000000e4200000|100%| O|  |TAMS 0x00000000e4200000, 0x00000000e4100000| Untracked 
|  66|0x00000000e4200000, 0x00000000e4300000, 0x00000000e4300000|100%| O|  |TAMS 0x00000000e4300000, 0x00000000e4200000| Untracked 
|  67|0x00000000e4300000, 0x00000000e4400000, 0x00000000e4400000|100%| O|  |TAMS 0x00000000e4400000, 0x00000000e4300000| Untracked 
|  68|0x00000000e4400000, 0x00000000e4500000, 0x00000000e4500000|100%| O|  |TAMS 0x00000000e4500000, 0x00000000e4400000| Untracked 
|  69|0x00000000e4500000, 0x00000000e4600000, 0x00000000e4600000|100%| O|  |TAMS 0x00000000e4600000, 0x00000000e4500000| Untracked 
|  70|0x00000000e4600000, 0x00000000e4700000, 0x00000000e4700000|100%| O|  |TAMS 0x00000000e4700000, 0x00000000e4600000| Untracked 
|  71|0x00000000e4700000, 0x00000000e4800000, 0x00000000e4800000|100%| O|  |TAMS 0x00000000e4800000, 0x00000000e4700000| Untracked 
|  72|0x00000000e4800000, 0x00000000e4900000, 0x00000000e4900000|100%| O|  |TAMS 0x00000000e4900000, 0x00000000e4800000| Untracked 
|  73|0x00000000e4900000, 0x00000000e4a00000, 0x00000000e4a00000|100%| O|  |TAMS 0x00000000e4a00000, 0x00000000e4900000| Untracked 
|  74|0x00000000e4a00000, 0x00000000e4b00000, 0x00000000e4b00000|100%| O|  |TAMS 0x00000000e4b00000, 0x00000000e4a00000| Untracked 
|  75|0x00000000e4b00000, 0x00000000e4c00000, 0x00000000e4c00000|100%| O|  |TAMS 0x00000000e4c00000, 0x00000000e4b00000| Untracked 
|  76|0x00000000e4c00000, 0x00000000e4d00000, 0x00000000e4d00000|100%| O|  |TAMS 0x00000000e4d00000, 0x00000000e4c00000| Untracked 
|  77|0x00000000e4d00000, 0x00000000e4e00000, 0x00000000e4e00000|100%| O|  |TAMS 0x00000000e4e00000, 0x00000000e4d00000| Untracked 
|  78|0x00000000e4e00000, 0x00000000e4f00000, 0x00000000e4f00000|100%| O|  |TAMS 0x00000000e4f00000, 0x00000000e4e00000| Untracked 
|  79|0x00000000e4f00000, 0x00000000e5000000, 0x00000000e5000000|100%| O|  |TAMS 0x00000000e5000000, 0x00000000e4f00000| Untracked 
|  80|0x00000000e5000000, 0x00000000e5100000, 0x00000000e5100000|100%| O|  |TAMS 0x00000000e5100000, 0x00000000e5000000| Untracked 
|  81|0x00000000e5100000, 0x00000000e5200000, 0x00000000e5200000|100%| O|  |TAMS 0x00000000e5200000, 0x00000000e5100000| Untracked 
|  82|0x00000000e5200000, 0x00000000e5300000, 0x00000000e5300000|100%|HS|  |TAMS 0x00000000e5200000, 0x00000000e5200000| Complete 
|  83|0x00000000e5300000, 0x00000000e5400000, 0x00000000e5400000|100%| O|  |TAMS 0x00000000e5400000, 0x00000000e5300000| Untracked 
|  84|0x00000000e5400000, 0x00000000e5500000, 0x00000000e5500000|100%| O|  |TAMS 0x00000000e5500000, 0x00000000e5400000| Untracked 
|  85|0x00000000e5500000, 0x00000000e5600000, 0x00000000e5600000|100%| O|  |TAMS 0x00000000e5500000, 0x00000000e5500000| Untracked 
|  86|0x00000000e5600000, 0x00000000e5700000, 0x00000000e5700000|100%| O|  |TAMS 0x00000000e5700000, 0x00000000e5600000| Complete 
|  87|0x00000000e5700000, 0x00000000e5800000, 0x00000000e5800000|100%| O|  |TAMS 0x00000000e5800000, 0x00000000e5700000| Untracked 
|  88|0x00000000e5800000, 0x00000000e5900000, 0x00000000e5900000|100%|HS|  |TAMS 0x00000000e5900000, 0x00000000e5800000| Complete 
|  89|0x00000000e5900000, 0x00000000e5a00000, 0x00000000e5a00000|100%|HC|  |TAMS 0x00000000e5a00000, 0x00000000e5900000| Complete 
|  90|0x00000000e5a00000, 0x00000000e5b00000, 0x00000000e5b00000|100%|HS|  |TAMS 0x00000000e5b00000, 0x00000000e5a00000| Complete 
|  91|0x00000000e5b00000, 0x00000000e5c00000, 0x00000000e5c00000|100%|HC|  |TAMS 0x00000000e5c00000, 0x00000000e5b00000| Complete 
|  92|0x00000000e5c00000, 0x00000000e5d00000, 0x00000000e5d00000|100%|HS|  |TAMS 0x00000000e5d00000, 0x00000000e5c00000| Complete 
|  93|0x00000000e5d00000, 0x00000000e5e00000, 0x00000000e5e00000|100%|HC|  |TAMS 0x00000000e5e00000, 0x00000000e5d00000| Complete 
|  94|0x00000000e5e00000, 0x00000000e5f00000, 0x00000000e5f00000|100%|HC|  |TAMS 0x00000000e5f00000, 0x00000000e5e00000| Complete 
|  95|0x00000000e5f00000, 0x00000000e6000000, 0x00000000e6000000|100%|HC|  |TAMS 0x00000000e6000000, 0x00000000e5f00000| Complete 
|  96|0x00000000e6000000, 0x00000000e6100000, 0x00000000e6100000|100%|HS|  |TAMS 0x00000000e6100000, 0x00000000e6000000| Complete 
|  97|0x00000000e6100000, 0x00000000e6200000, 0x00000000e6200000|100%|HC|  |TAMS 0x00000000e6200000, 0x00000000e6100000| Complete 
|  98|0x00000000e6200000, 0x00000000e6300000, 0x00000000e6300000|100%|HC|  |TAMS 0x00000000e6300000, 0x00000000e6200000| Complete 
|  99|0x00000000e6300000, 0x00000000e6400000, 0x00000000e6400000|100%|HC|  |TAMS 0x00000000e6400000, 0x00000000e6300000| Complete 
| 100|0x00000000e6400000, 0x00000000e6500000, 0x00000000e6500000|100%| O|  |TAMS 0x00000000e6500000, 0x00000000e6400000| Untracked 
| 101|0x00000000e6500000, 0x00000000e6600000, 0x00000000e6600000|100%| O|  |TAMS 0x00000000e6600000, 0x00000000e6500000| Untracked 
| 102|0x00000000e6600000, 0x00000000e6700000, 0x00000000e6700000|100%| O|  |TAMS 0x00000000e6700000, 0x00000000e6600000| Untracked 
| 103|0x00000000e6700000, 0x00000000e6800000, 0x00000000e6800000|100%| O|  |TAMS 0x00000000e6800000, 0x00000000e6700000| Untracked 
| 104|0x00000000e6800000, 0x00000000e6900000, 0x00000000e6900000|100%| O|  |TAMS 0x00000000e6900000, 0x00000000e6800000| Untracked 
| 105|0x00000000e6900000, 0x00000000e6a00000, 0x00000000e6a00000|100%| O|  |TAMS 0x00000000e6a00000, 0x00000000e6900000| Untracked 
| 106|0x00000000e6a00000, 0x00000000e6b00000, 0x00000000e6b00000|100%| O|  |TAMS 0x00000000e6b00000, 0x00000000e6a00000| Untracked 
| 107|0x00000000e6b00000, 0x00000000e6c00000, 0x00000000e6c00000|100%| O|  |TAMS 0x00000000e6c00000, 0x00000000e6b00000| Untracked 
| 108|0x00000000e6c00000, 0x00000000e6d00000, 0x00000000e6d00000|100%| O|  |TAMS 0x00000000e6d00000, 0x00000000e6c00000| Untracked 
| 109|0x00000000e6d00000, 0x00000000e6e00000, 0x00000000e6e00000|100%| O|  |TAMS 0x00000000e6e00000, 0x00000000e6d00000| Untracked 
| 110|0x00000000e6e00000, 0x00000000e6f00000, 0x00000000e6f00000|100%| O|  |TAMS 0x00000000e6f00000, 0x00000000e6e00000| Untracked 
| 111|0x00000000e6f00000, 0x00000000e7000000, 0x00000000e7000000|100%| O|  |TAMS 0x00000000e7000000, 0x00000000e6f00000| Untracked 
| 112|0x00000000e7000000, 0x00000000e7000000, 0x00000000e7100000|  0%| F|  |TAMS 0x00000000e7000000, 0x00000000e7000000| Untracked 
| 113|0x00000000e7100000, 0x00000000e7200000, 0x00000000e7200000|100%| O|  |TAMS 0x00000000e7200000, 0x00000000e7100000| Complete 
| 114|0x00000000e7200000, 0x00000000e7300000, 0x00000000e7300000|100%| O|  |TAMS 0x00000000e7300000, 0x00000000e7200000| Untracked 
| 115|0x00000000e7300000, 0x00000000e7400000, 0x00000000e7400000|100%| O|  |TAMS 0x00000000e7400000, 0x00000000e7300000| Untracked 
| 116|0x00000000e7400000, 0x00000000e7500000, 0x00000000e7500000|100%| O|  |TAMS 0x00000000e7500000, 0x00000000e7400000| Untracked 
| 117|0x00000000e7500000, 0x00000000e7600000, 0x00000000e7600000|100%| O|  |TAMS 0x00000000e7600000, 0x00000000e7500000| Untracked 
| 118|0x00000000e7600000, 0x00000000e7700000, 0x00000000e7700000|100%| O|  |TAMS 0x00000000e7700000, 0x00000000e7600000| Untracked 
| 119|0x00000000e7700000, 0x00000000e7800000, 0x00000000e7800000|100%| O|  |TAMS 0x00000000e7800000, 0x00000000e7700000| Untracked 
| 120|0x00000000e7800000, 0x00000000e7900000, 0x00000000e7900000|100%| O|  |TAMS 0x00000000e7900000, 0x00000000e7800000| Untracked 
| 121|0x00000000e7900000, 0x00000000e7a00000, 0x00000000e7a00000|100%| O|  |TAMS 0x00000000e7a00000, 0x00000000e7900000| Untracked 
| 122|0x00000000e7a00000, 0x00000000e7b00000, 0x00000000e7b00000|100%| O|  |TAMS 0x00000000e7b00000, 0x00000000e7a00000| Untracked 
| 123|0x00000000e7b00000, 0x00000000e7c00000, 0x00000000e7c00000|100%| O|  |TAMS 0x00000000e7c00000, 0x00000000e7b00000| Untracked 
| 124|0x00000000e7c00000, 0x00000000e7d00000, 0x00000000e7d00000|100%| O|  |TAMS 0x00000000e7d00000, 0x00000000e7c00000| Untracked 
| 125|0x00000000e7d00000, 0x00000000e7e00000, 0x00000000e7e00000|100%| O|  |TAMS 0x00000000e7e00000, 0x00000000e7d00000| Untracked 
| 126|0x00000000e7e00000, 0x00000000e7f00000, 0x00000000e7f00000|100%| O|  |TAMS 0x00000000e7f00000, 0x00000000e7e00000| Untracked 
| 127|0x00000000e7f00000, 0x00000000e8000000, 0x00000000e8000000|100%| O|  |TAMS 0x00000000e8000000, 0x00000000e7f00000| Untracked 
| 128|0x00000000e8000000, 0x00000000e8100000, 0x00000000e8100000|100%| O|  |TAMS 0x00000000e8100000, 0x00000000e8000000| Untracked 
| 129|0x00000000e8100000, 0x00000000e8200000, 0x00000000e8200000|100%| O|  |TAMS 0x00000000e8200000, 0x00000000e8100000| Untracked 
| 130|0x00000000e8200000, 0x00000000e8300000, 0x00000000e8300000|100%| O|  |TAMS 0x00000000e8300000, 0x00000000e8200000| Untracked 
| 131|0x00000000e8300000, 0x00000000e8400000, 0x00000000e8400000|100%| O|  |TAMS 0x00000000e8400000, 0x00000000e8300000| Untracked 
| 132|0x00000000e8400000, 0x00000000e8500000, 0x00000000e8500000|100%| O|  |TAMS 0x00000000e8500000, 0x00000000e8400000| Untracked 
| 133|0x00000000e8500000, 0x00000000e8600000, 0x00000000e8600000|100%| O|  |TAMS 0x00000000e8600000, 0x00000000e8500000| Untracked 
| 134|0x00000000e8600000, 0x00000000e8700000, 0x00000000e8700000|100%| O|  |TAMS 0x00000000e8700000, 0x00000000e8600000| Untracked 
| 135|0x00000000e8700000, 0x00000000e8800000, 0x00000000e8800000|100%| O|  |TAMS 0x00000000e8780000, 0x00000000e8700000| Untracked 
| 136|0x00000000e8800000, 0x00000000e8900000, 0x00000000e8900000|100%|HS|  |TAMS 0x00000000e8800000, 0x00000000e8800000| Complete 
| 137|0x00000000e8900000, 0x00000000e8a00000, 0x00000000e8a00000|100%|HC|  |TAMS 0x00000000e8900000, 0x00000000e8900000| Complete 
| 138|0x00000000e8a00000, 0x00000000e8b00000, 0x00000000e8b00000|100%|HC|  |TAMS 0x00000000e8a00000, 0x00000000e8a00000| Complete 
| 139|0x00000000e8b00000, 0x00000000e8c00000, 0x00000000e8c00000|100%|HC|  |TAMS 0x00000000e8b00000, 0x00000000e8b00000| Complete 
| 140|0x00000000e8c00000, 0x00000000e8d00000, 0x00000000e8d00000|100%|HC|  |TAMS 0x00000000e8c00000, 0x00000000e8c00000| Complete 
| 141|0x00000000e8d00000, 0x00000000e8e00000, 0x00000000e8e00000|100%|HS|  |TAMS 0x00000000e8d00000, 0x00000000e8d00000| Complete 
| 142|0x00000000e8e00000, 0x00000000e8f00000, 0x00000000e8f00000|100%|HC|  |TAMS 0x00000000e8e00000, 0x00000000e8e00000| Complete 
| 143|0x00000000e8f00000, 0x00000000e9000000, 0x00000000e9000000|100%|HC|  |TAMS 0x00000000e8f00000, 0x00000000e8f00000| Complete 
| 144|0x00000000e9000000, 0x00000000e9100000, 0x00000000e9100000|100%|HS|  |TAMS 0x00000000e9000000, 0x00000000e9000000| Complete 
| 145|0x00000000e9100000, 0x00000000e9200000, 0x00000000e9200000|100%|HC|  |TAMS 0x00000000e9100000, 0x00000000e9100000| Complete 
| 146|0x00000000e9200000, 0x00000000e9300000, 0x00000000e9300000|100%|HC|  |TAMS 0x00000000e9200000, 0x00000000e9200000| Complete 
| 147|0x00000000e9300000, 0x00000000e9300000, 0x00000000e9400000|  0%| F|  |TAMS 0x00000000e9300000, 0x00000000e9300000| Untracked 
| 148|0x00000000e9400000, 0x00000000e9400000, 0x00000000e9500000|  0%| F|  |TAMS 0x00000000e9400000, 0x00000000e9400000| Untracked 
| 149|0x00000000e9500000, 0x00000000e9500000, 0x00000000e9600000|  0%| F|  |TAMS 0x00000000e9500000, 0x00000000e9500000| Untracked 
| 150|0x00000000e9600000, 0x00000000e9600000, 0x00000000e9700000|  0%| F|  |TAMS 0x00000000e9600000, 0x00000000e9600000| Untracked 
| 151|0x00000000e9700000, 0x00000000e9700000, 0x00000000e9800000|  0%| F|  |TAMS 0x00000000e9700000, 0x00000000e9700000| Untracked 
| 152|0x00000000e9800000, 0x00000000e9800000, 0x00000000e9900000|  0%| F|  |TAMS 0x00000000e9800000, 0x00000000e9800000| Untracked 
| 153|0x00000000e9900000, 0x00000000e9900000, 0x00000000e9a00000|  0%| F|  |TAMS 0x00000000e9900000, 0x00000000e9900000| Untracked 
| 154|0x00000000e9a00000, 0x00000000e9a00000, 0x00000000e9b00000|  0%| F|  |TAMS 0x00000000e9a00000, 0x00000000e9a00000| Untracked 
| 155|0x00000000e9b00000, 0x00000000e9b00000, 0x00000000e9c00000|  0%| F|  |TAMS 0x00000000e9b00000, 0x00000000e9b00000| Untracked 
| 156|0x00000000e9c00000, 0x00000000e9c00000, 0x00000000e9d00000|  0%| F|  |TAMS 0x00000000e9c00000, 0x00000000e9c00000| Untracked 
| 157|0x00000000e9d00000, 0x00000000e9d00000, 0x00000000e9e00000|  0%| F|  |TAMS 0x00000000e9d00000, 0x00000000e9d00000| Untracked 
| 158|0x00000000e9e00000, 0x00000000e9e00000, 0x00000000e9f00000|  0%| F|  |TAMS 0x00000000e9e00000, 0x00000000e9e00000| Untracked 
| 159|0x00000000e9f00000, 0x00000000e9f00000, 0x00000000ea000000|  0%| F|  |TAMS 0x00000000e9f00000, 0x00000000e9f00000| Untracked 
| 160|0x00000000ea000000, 0x00000000ea000000, 0x00000000ea100000|  0%| F|  |TAMS 0x00000000ea000000, 0x00000000ea000000| Untracked 
| 161|0x00000000ea100000, 0x00000000ea100000, 0x00000000ea200000|  0%| F|  |TAMS 0x00000000ea100000, 0x00000000ea100000| Untracked 
| 162|0x00000000ea200000, 0x00000000ea200000, 0x00000000ea300000|  0%| F|  |TAMS 0x00000000ea200000, 0x00000000ea200000| Untracked 
| 163|0x00000000ea300000, 0x00000000ea300000, 0x00000000ea400000|  0%| F|  |TAMS 0x00000000ea300000, 0x00000000ea300000| Untracked 
| 164|0x00000000ea400000, 0x00000000ea400000, 0x00000000ea500000|  0%| F|  |TAMS 0x00000000ea400000, 0x00000000ea400000| Untracked 
| 165|0x00000000ea500000, 0x00000000ea500000, 0x00000000ea600000|  0%| F|  |TAMS 0x00000000ea500000, 0x00000000ea500000| Untracked 
| 166|0x00000000ea600000, 0x00000000ea600000, 0x00000000ea700000|  0%| F|  |TAMS 0x00000000ea600000, 0x00000000ea600000| Untracked 
| 167|0x00000000ea700000, 0x00000000ea700000, 0x00000000ea800000|  0%| F|  |TAMS 0x00000000ea700000, 0x00000000ea700000| Untracked 
| 168|0x00000000ea800000, 0x00000000ea800000, 0x00000000ea900000|  0%| F|  |TAMS 0x00000000ea800000, 0x00000000ea800000| Untracked 
| 169|0x00000000ea900000, 0x00000000ea900000, 0x00000000eaa00000|  0%| F|  |TAMS 0x00000000ea900000, 0x00000000ea900000| Untracked 
| 170|0x00000000eaa00000, 0x00000000eaa00000, 0x00000000eab00000|  0%| F|  |TAMS 0x00000000eaa00000, 0x00000000eaa00000| Untracked 
| 171|0x00000000eab00000, 0x00000000eab00000, 0x00000000eac00000|  0%| F|  |TAMS 0x00000000eab00000, 0x00000000eab00000| Untracked 
| 172|0x00000000eac00000, 0x00000000eac00000, 0x00000000ead00000|  0%| F|  |TAMS 0x00000000eac00000, 0x00000000eac00000| Untracked 
| 173|0x00000000ead00000, 0x00000000eae00000, 0x00000000eae00000|100%| S|  |TAMS 0x00000000ead00000, 0x00000000ead00000| Complete 
| 174|0x00000000eae00000, 0x00000000eaf00000, 0x00000000eaf00000|100%| S|  |TAMS 0x00000000eae00000, 0x00000000eae00000| Complete 
| 175|0x00000000eaf00000, 0x00000000eb000000, 0x00000000eb000000|100%| S|  |TAMS 0x00000000eaf00000, 0x00000000eaf00000| Complete 
| 176|0x00000000eb000000, 0x00000000eb100000, 0x00000000eb100000|100%| S|  |TAMS 0x00000000eb000000, 0x00000000eb000000| Complete 
| 177|0x00000000eb100000, 0x00000000eb200000, 0x00000000eb200000|100%| S|  |TAMS 0x00000000eb100000, 0x00000000eb100000| Complete 
| 178|0x00000000eb200000, 0x00000000eb300000, 0x00000000eb300000|100%| S|  |TAMS 0x00000000eb200000, 0x00000000eb200000| Complete 
| 179|0x00000000eb300000, 0x00000000eb400000, 0x00000000eb400000|100%| S|  |TAMS 0x00000000eb300000, 0x00000000eb300000| Complete 
| 180|0x00000000eb400000, 0x00000000eb500000, 0x00000000eb500000|100%| E|CS|TAMS 0x00000000eb400000, 0x00000000eb400000| Complete 
| 181|0x00000000eb500000, 0x00000000eb600000, 0x00000000eb600000|100%| E|CS|TAMS 0x00000000eb500000, 0x00000000eb500000| Complete 
| 182|0x00000000eb600000, 0x00000000eb700000, 0x00000000eb700000|100%| E|CS|TAMS 0x00000000eb600000, 0x00000000eb600000| Complete 
| 183|0x00000000eb700000, 0x00000000eb800000, 0x00000000eb800000|100%| E|CS|TAMS 0x00000000eb700000, 0x00000000eb700000| Complete 
| 184|0x00000000eb800000, 0x00000000eb900000, 0x00000000eb900000|100%| E|CS|TAMS 0x00000000eb800000, 0x00000000eb800000| Complete 
| 185|0x00000000eb900000, 0x00000000eba00000, 0x00000000eba00000|100%| E|CS|TAMS 0x00000000eb900000, 0x00000000eb900000| Complete 
| 186|0x00000000eba00000, 0x00000000ebb00000, 0x00000000ebb00000|100%| E|CS|TAMS 0x00000000eba00000, 0x00000000eba00000| Complete 
| 187|0x00000000ebb00000, 0x00000000ebc00000, 0x00000000ebc00000|100%| E|CS|TAMS 0x00000000ebb00000, 0x00000000ebb00000| Complete 
| 188|0x00000000ebc00000, 0x00000000ebd00000, 0x00000000ebd00000|100%| E|CS|TAMS 0x00000000ebc00000, 0x00000000ebc00000| Complete 
| 189|0x00000000ebd00000, 0x00000000ebe00000, 0x00000000ebe00000|100%| E|CS|TAMS 0x00000000ebd00000, 0x00000000ebd00000| Complete 
| 190|0x00000000ebe00000, 0x00000000ebf00000, 0x00000000ebf00000|100%| E|CS|TAMS 0x00000000ebe00000, 0x00000000ebe00000| Complete 
| 191|0x00000000ebf00000, 0x00000000ec000000, 0x00000000ec000000|100%| E|CS|TAMS 0x00000000ebf00000, 0x00000000ebf00000| Complete 
| 192|0x00000000ec000000, 0x00000000ec100000, 0x00000000ec100000|100%| E|CS|TAMS 0x00000000ec000000, 0x00000000ec000000| Complete 
| 193|0x00000000ec100000, 0x00000000ec200000, 0x00000000ec200000|100%| E|CS|TAMS 0x00000000ec100000, 0x00000000ec100000| Complete 
| 194|0x00000000ec200000, 0x00000000ec300000, 0x00000000ec300000|100%| E|CS|TAMS 0x00000000ec200000, 0x00000000ec200000| Complete 
| 195|0x00000000ec300000, 0x00000000ec400000, 0x00000000ec400000|100%| E|CS|TAMS 0x00000000ec300000, 0x00000000ec300000| Complete 
| 196|0x00000000ec400000, 0x00000000ec500000, 0x00000000ec500000|100%| E|CS|TAMS 0x00000000ec400000, 0x00000000ec400000| Complete 
| 197|0x00000000ec500000, 0x00000000ec600000, 0x00000000ec600000|100%| E|CS|TAMS 0x00000000ec500000, 0x00000000ec500000| Complete 
| 198|0x00000000ec600000, 0x00000000ec700000, 0x00000000ec700000|100%| E|CS|TAMS 0x00000000ec600000, 0x00000000ec600000| Complete 
| 199|0x00000000ec700000, 0x00000000ec800000, 0x00000000ec800000|100%| E|CS|TAMS 0x00000000ec700000, 0x00000000ec700000| Complete 
| 200|0x00000000ec800000, 0x00000000ec900000, 0x00000000ec900000|100%| E|CS|TAMS 0x00000000ec800000, 0x00000000ec800000| Complete 
| 201|0x00000000ec900000, 0x00000000eca00000, 0x00000000eca00000|100%| E|CS|TAMS 0x00000000ec900000, 0x00000000ec900000| Complete 
| 202|0x00000000eca00000, 0x00000000ecb00000, 0x00000000ecb00000|100%| E|CS|TAMS 0x00000000eca00000, 0x00000000eca00000| Complete 
| 203|0x00000000ecb00000, 0x00000000ecc00000, 0x00000000ecc00000|100%| E|CS|TAMS 0x00000000ecb00000, 0x00000000ecb00000| Complete 
| 204|0x00000000ecc00000, 0x00000000ecd00000, 0x00000000ecd00000|100%| E|CS|TAMS 0x00000000ecc00000, 0x00000000ecc00000| Complete 
| 205|0x00000000ecd00000, 0x00000000ece00000, 0x00000000ece00000|100%| E|CS|TAMS 0x00000000ecd00000, 0x00000000ecd00000| Complete 
| 206|0x00000000ece00000, 0x00000000ecf00000, 0x00000000ecf00000|100%| E|CS|TAMS 0x00000000ece00000, 0x00000000ece00000| Complete 
| 207|0x00000000ecf00000, 0x00000000ed000000, 0x00000000ed000000|100%| E|CS|TAMS 0x00000000ecf00000, 0x00000000ecf00000| Complete 
| 208|0x00000000ed000000, 0x00000000ed100000, 0x00000000ed100000|100%| E|CS|TAMS 0x00000000ed000000, 0x00000000ed000000| Complete 
| 209|0x00000000ed100000, 0x00000000ed200000, 0x00000000ed200000|100%| E|CS|TAMS 0x00000000ed100000, 0x00000000ed100000| Complete 
| 210|0x00000000ed200000, 0x00000000ed300000, 0x00000000ed300000|100%| E|CS|TAMS 0x00000000ed200000, 0x00000000ed200000| Complete 
| 211|0x00000000ed300000, 0x00000000ed400000, 0x00000000ed400000|100%| E|CS|TAMS 0x00000000ed300000, 0x00000000ed300000| Complete 
| 212|0x00000000ed400000, 0x00000000ed500000, 0x00000000ed500000|100%| E|CS|TAMS 0x00000000ed400000, 0x00000000ed400000| Complete 
| 213|0x00000000ed500000, 0x00000000ed600000, 0x00000000ed600000|100%| E|CS|TAMS 0x00000000ed500000, 0x00000000ed500000| Complete 
| 214|0x00000000ed600000, 0x00000000ed700000, 0x00000000ed700000|100%| E|CS|TAMS 0x00000000ed600000, 0x00000000ed600000| Complete 
| 215|0x00000000ed700000, 0x00000000ed800000, 0x00000000ed800000|100%| E|CS|TAMS 0x00000000ed700000, 0x00000000ed700000| Complete 
| 216|0x00000000ed800000, 0x00000000ed900000, 0x00000000ed900000|100%| E|CS|TAMS 0x00000000ed800000, 0x00000000ed800000| Complete 
| 217|0x00000000ed900000, 0x00000000eda00000, 0x00000000eda00000|100%| E|CS|TAMS 0x00000000ed900000, 0x00000000ed900000| Complete 
| 218|0x00000000eda00000, 0x00000000edb00000, 0x00000000edb00000|100%| E|CS|TAMS 0x00000000eda00000, 0x00000000eda00000| Complete 
| 219|0x00000000edb00000, 0x00000000edc00000, 0x00000000edc00000|100%| E|CS|TAMS 0x00000000edb00000, 0x00000000edb00000| Complete 
| 220|0x00000000edc00000, 0x00000000edd00000, 0x00000000edd00000|100%| E|CS|TAMS 0x00000000edc00000, 0x00000000edc00000| Complete 
| 221|0x00000000edd00000, 0x00000000ede00000, 0x00000000ede00000|100%| E|CS|TAMS 0x00000000edd00000, 0x00000000edd00000| Complete 
| 222|0x00000000ede00000, 0x00000000edf00000, 0x00000000edf00000|100%| E|CS|TAMS 0x00000000ede00000, 0x00000000ede00000| Complete 
| 223|0x00000000edf00000, 0x00000000ee000000, 0x00000000ee000000|100%| E|CS|TAMS 0x00000000edf00000, 0x00000000edf00000| Complete 
| 224|0x00000000ee000000, 0x00000000ee03de60, 0x00000000ee100000| 24%| E|CS|TAMS 0x00000000ee000000, 0x00000000ee000000| Complete 
| 225|0x00000000ee100000, 0x00000000ee200000, 0x00000000ee200000|100%| E|CS|TAMS 0x00000000ee100000, 0x00000000ee100000| Complete 
| 226|0x00000000ee200000, 0x00000000ee300000, 0x00000000ee300000|100%| E|CS|TAMS 0x00000000ee200000, 0x00000000ee200000| Complete 
| 227|0x00000000ee300000, 0x00000000ee400000, 0x00000000ee400000|100%| E|CS|TAMS 0x00000000ee300000, 0x00000000ee300000| Complete 
| 228|0x00000000ee400000, 0x00000000ee500000, 0x00000000ee500000|100%| E|CS|TAMS 0x00000000ee400000, 0x00000000ee400000| Complete 
| 229|0x00000000ee500000, 0x00000000ee600000, 0x00000000ee600000|100%| E|CS|TAMS 0x00000000ee500000, 0x00000000ee500000| Complete 
| 230|0x00000000ee600000, 0x00000000ee700000, 0x00000000ee700000|100%| E|CS|TAMS 0x00000000ee600000, 0x00000000ee600000| Complete 
| 231|0x00000000ee700000, 0x00000000ee800000, 0x00000000ee800000|100%| E|CS|TAMS 0x00000000ee700000, 0x00000000ee700000| Complete 
| 232|0x00000000ee800000, 0x00000000ee900000, 0x00000000ee900000|100%| E|CS|TAMS 0x00000000ee800000, 0x00000000ee800000| Complete 
| 233|0x00000000ee900000, 0x00000000eea00000, 0x00000000eea00000|100%| E|CS|TAMS 0x00000000ee900000, 0x00000000ee900000| Complete 
| 234|0x00000000eea00000, 0x00000000eeb00000, 0x00000000eeb00000|100%| E|CS|TAMS 0x00000000eea00000, 0x00000000eea00000| Complete 
| 235|0x00000000eeb00000, 0x00000000eec00000, 0x00000000eec00000|100%| E|CS|TAMS 0x00000000eeb00000, 0x00000000eeb00000| Complete 
| 236|0x00000000eec00000, 0x00000000eed00000, 0x00000000eed00000|100%| E|CS|TAMS 0x00000000eec00000, 0x00000000eec00000| Complete 
| 237|0x00000000eed00000, 0x00000000eee00000, 0x00000000eee00000|100%| E|CS|TAMS 0x00000000eed00000, 0x00000000eed00000| Complete 
| 238|0x00000000eee00000, 0x00000000eef00000, 0x00000000eef00000|100%| E|CS|TAMS 0x00000000eee00000, 0x00000000eee00000| Complete 
| 239|0x00000000eef00000, 0x00000000ef000000, 0x00000000ef000000|100%| E|CS|TAMS 0x00000000eef00000, 0x00000000eef00000| Complete 
| 240|0x00000000ef000000, 0x00000000ef100000, 0x00000000ef100000|100%| E|CS|TAMS 0x00000000ef000000, 0x00000000ef000000| Complete 
| 241|0x00000000ef100000, 0x00000000ef200000, 0x00000000ef200000|100%| E|CS|TAMS 0x00000000ef100000, 0x00000000ef100000| Complete 
| 242|0x00000000ef200000, 0x00000000ef300000, 0x00000000ef300000|100%| E|CS|TAMS 0x00000000ef200000, 0x00000000ef200000| Complete 
| 243|0x00000000ef300000, 0x00000000ef400000, 0x00000000ef400000|100%| E|CS|TAMS 0x00000000ef300000, 0x00000000ef300000| Complete 
| 244|0x00000000ef400000, 0x00000000ef500000, 0x00000000ef500000|100%| E|CS|TAMS 0x00000000ef400000, 0x00000000ef400000| Complete 
| 245|0x00000000ef500000, 0x00000000ef600000, 0x00000000ef600000|100%| E|CS|TAMS 0x00000000ef500000, 0x00000000ef500000| Complete 
| 246|0x00000000ef600000, 0x00000000ef700000, 0x00000000ef700000|100%| E|CS|TAMS 0x00000000ef600000, 0x00000000ef600000| Complete 
| 247|0x00000000ef700000, 0x00000000ef800000, 0x00000000ef800000|100%| E|CS|TAMS 0x00000000ef700000, 0x00000000ef700000| Complete 
| 248|0x00000000ef800000, 0x00000000ef900000, 0x00000000ef900000|100%| E|CS|TAMS 0x00000000ef800000, 0x00000000ef800000| Complete 
| 249|0x00000000ef900000, 0x00000000efa00000, 0x00000000efa00000|100%| E|CS|TAMS 0x00000000ef900000, 0x00000000ef900000| Complete 
| 250|0x00000000efa00000, 0x00000000efb00000, 0x00000000efb00000|100%| E|CS|TAMS 0x00000000efa00000, 0x00000000efa00000| Complete 
| 251|0x00000000efb00000, 0x00000000efc00000, 0x00000000efc00000|100%| E|CS|TAMS 0x00000000efb00000, 0x00000000efb00000| Complete 
| 252|0x00000000efc00000, 0x00000000efd00000, 0x00000000efd00000|100%| E|CS|TAMS 0x00000000efc00000, 0x00000000efc00000| Complete 
| 253|0x00000000efd00000, 0x00000000efe00000, 0x00000000efe00000|100%| E|CS|TAMS 0x00000000efd00000, 0x00000000efd00000| Complete 
| 254|0x00000000efe00000, 0x00000000eff00000, 0x00000000eff00000|100%| E|CS|TAMS 0x00000000efe00000, 0x00000000efe00000| Complete 
| 255|0x00000000eff00000, 0x00000000f0000000, 0x00000000f0000000|100%| E|CS|TAMS 0x00000000eff00000, 0x00000000eff00000| Complete 

Card table byte_map: [0x000001cc6a840000,0x000001cc6a940000] _byte_map_base: 0x000001cc6a140000

Marking Bits (Prev, Next): (CMBitMap*) 0x000001cc53d4cbe0, (CMBitMap*) 0x000001cc53d4cc20
 Prev Bits: [0x000001cc6aa40000, 0x000001cc6b240000)
 Next Bits: [0x000001cc6b240000, 0x000001cc6ba40000)

Polling page: 0x000001cc534e0000

Metaspace:

Usage:
  Non-class:    105.68 MB used.
      Class:     15.70 MB used.
       Both:    121.39 MB used.

Virtual space:
  Non-class space:      128.00 MB reserved,     106.12 MB ( 83%) committed,  2 nodes.
      Class space:      320.00 MB reserved,      16.12 MB (  5%) committed,  1 nodes.
             Both:      448.00 MB reserved,     122.25 MB ( 27%) committed. 

Chunk freelists:
   Non-Class:  5.55 MB
       Class:  15.74 MB
        Both:  21.28 MB

MaxMetaspaceSize: 384.00 MB
CompressedClassSpaceSize: 320.00 MB
Initial GC threshold: 21.00 MB
Current GC threshold: 193.56 MB
CDS: on
MetaspaceReclaimPolicy: balanced
 - commit_granule_bytes: 65536.
 - commit_granule_words: 8192.
 - virtual_space_node_default_size: 8388608.
 - enlarge_chunks_in_place: 1.
 - new_chunks_are_fully_committed: 0.
 - uncommit_free_chunks: 1.
 - use_allocation_guard: 0.
 - handle_deallocations: 1.


Internal statistics:

num_allocs_failed_limit: 15.
num_arena_births: 1030.
num_arena_deaths: 0.
num_vsnodes_births: 3.
num_vsnodes_deaths: 0.
num_space_committed: 1954.
num_space_uncommitted: 0.
num_chunks_returned_to_freelist: 15.
num_chunks_taken_from_freelist: 5678.
num_chunk_merges: 15.
num_chunk_splits: 4276.
num_chunks_enlarged: 3371.
num_inconsistent_stats: 0.

CodeHeap 'non-profiled nmethods': size=120000Kb used=7104Kb max_used=7104Kb free=112895Kb
 bounds [0x000001cc63310000, 0x000001cc63a10000, 0x000001cc6a840000]
CodeHeap 'profiled nmethods': size=120000Kb used=27804Kb max_used=27804Kb free=92196Kb
 bounds [0x000001cc5b840000, 0x000001cc5d370000, 0x000001cc62d70000]
CodeHeap 'non-nmethods': size=5760Kb used=2550Kb max_used=2615Kb free=3209Kb
 bounds [0x000001cc62d70000, 0x000001cc63010000, 0x000001cc63310000]
 total_blobs=12854 nmethods=11742 adapters=1018
 compilation: enabled
              stopped_count=0, restarted_count=0
 full_count=0

Compilation events (20 events):
Event: 104.198 Thread 0x000001cc6e029110 nmethod 13653 0x000001cc5d364610 code [0x000001cc5d3647a0, 0x000001cc5d3648d8]
Event: 104.198 Thread 0x000001cc6e029110 13654       3       java.io.ObjectOutputStream$BlockDataOutputStream::writeShort (47 bytes)
Event: 104.201 Thread 0x000001cc6e029110 nmethod 13654 0x000001cc5d364a10 code [0x000001cc5d364bc0, 0x000001cc5d364e48]
Event: 104.202 Thread 0x000001cc6e029110 13655       3       java.lang.ReflectiveOperationException::<init> (6 bytes)
Event: 104.205 Thread 0x000001cc6e029110 nmethod 13655 0x000001cc5d364f90 code [0x000001cc5d365140, 0x000001cc5d3652c8]
Event: 104.206 Thread 0x000001cc6e025eb0 13656 %     4       java.io.DataOutputStream::writeUTF @ 10 (411 bytes)
Event: 104.212 Thread 0x000001cc6e029110 13657       3       java.util.concurrent.ConcurrentLinkedQueue$Node::casItem (10 bytes)
Event: 104.213 Thread 0x000001cc6e029110 nmethod 13657 0x000001cc5d365390 code [0x000001cc5d365620, 0x000001cc5d366258]
Event: 104.218 Thread 0x000001cc6e029110 13658       3       org.codehaus.groovy.reflection.AccessPermissionChecker::checkAccessPermission (70 bytes)
Event: 104.219 Thread 0x000001cc6e025eb0 nmethod 13656% 0x000001cc639fef90 code [0x000001cc639ff160, 0x000001cc639ffc98]
Event: 104.219 Thread 0x000001cc6e029110 nmethod 13658 0x000001cc5d366690 code [0x000001cc5d3668e0, 0x000001cc5d3673c8]
Event: 104.220 Thread 0x000001cc6e029110 13659       1       org.gradle.tooling.internal.adapter.MethodInvocation::getName (5 bytes)
Event: 104.220 Thread 0x000001cc6e029110 nmethod 13659 0x000001cc63774b10 code [0x000001cc63774ca0, 0x000001cc63774d78]
Event: 104.222 Thread 0x000001cc6e029110 13660       3       org.codehaus.groovy.reflection.ClassInfo::getWeakMetaClass (21 bytes)
Event: 104.222 Thread 0x000001cc6e029110 nmethod 13660 0x000001cc5d367710 code [0x000001cc5d3678c0, 0x000001cc5d367c68]
Event: 104.222 Thread 0x000001cc6e029110 13661       3       org.codehaus.groovy.reflection.ClassInfo::isValidWeakMetaClass (30 bytes)
Event: 104.222 Thread 0x000001cc6e029110 nmethod 13661 0x000001cc5d367d90 code [0x000001cc5d367f40, 0x000001cc5d368318]
Event: 104.290 Thread 0x000001cc6e025eb0 13662 %     4       org.gradle.internal.instantiation.generator.AbstractClassGenerator::inspectType @ 207 (560 bytes)
Event: 104.290 Thread 0x000001cc6e029110 13663       3       com.google.common.collect.Hashing::needsResizing (22 bytes)
Event: 104.291 Thread 0x000001cc6e029110 nmethod 13663 0x000001cc5d368410 code [0x000001cc5d3685a0, 0x000001cc5d368758]

GC Heap History (20 events):
Event: 55.621 GC heap after
{Heap after GC invocations=11 (full 0):
 garbage-first heap   total 262144K, used 83506K [0x00000000e0000000, 0x0000000100000000)
  region size 1024K, 18 young (18432K), 18 survivors (18432K)
 Metaspace       used 72155K, committed 72768K, reserved 393216K
  class space    used 10128K, committed 10432K, reserved 327680K
}
Event: 59.828 GC heap before
{Heap before GC invocations=11 (full 0):
 garbage-first heap   total 262144K, used 201266K [0x00000000e0000000, 0x0000000100000000)
  region size 1024K, 132 young (135168K), 18 survivors (18432K)
 Metaspace       used 84591K, committed 85248K, reserved 458752K
  class space    used 11525K, committed 11840K, reserved 327680K
}
Event: 59.849 GC heap after
{Heap after GC invocations=12 (full 0):
 garbage-first heap   total 262144K, used 91648K [0x00000000e0000000, 0x0000000100000000)
  region size 1024K, 9 young (9216K), 9 survivors (9216K)
 Metaspace       used 84591K, committed 85248K, reserved 458752K
  class space    used 11525K, committed 11840K, reserved 327680K
}
Event: 65.112 GC heap before
{Heap before GC invocations=12 (full 0):
 garbage-first heap   total 262144K, used 204288K [0x00000000e0000000, 0x0000000100000000)
  region size 1024K, 119 young (121856K), 9 survivors (9216K)
 Metaspace       used 93625K, committed 94336K, reserved 458752K
  class space    used 12548K, committed 12864K, reserved 327680K
}
Event: 65.124 GC heap after
{Heap after GC invocations=13 (full 0):
 garbage-first heap   total 262144K, used 96242K [0x00000000e0000000, 0x0000000100000000)
  region size 1024K, 7 young (7168K), 7 survivors (7168K)
 Metaspace       used 93625K, committed 94336K, reserved 458752K
  class space    used 12548K, committed 12864K, reserved 327680K
}
Event: 66.960 GC heap before
{Heap before GC invocations=13 (full 0):
 garbage-first heap   total 262144K, used 138226K [0x00000000e0000000, 0x0000000100000000)
  region size 1024K, 49 young (50176K), 7 survivors (7168K)
 Metaspace       used 99738K, committed 100416K, reserved 458752K
  class space    used 13177K, committed 13504K, reserved 327680K
}
Event: 66.968 GC heap after
{Heap after GC invocations=14 (full 0):
 garbage-first heap   total 262144K, used 97489K [0x00000000e0000000, 0x0000000100000000)
  region size 1024K, 8 young (8192K), 8 survivors (8192K)
 Metaspace       used 99738K, committed 100416K, reserved 458752K
  class space    used 13177K, committed 13504K, reserved 327680K
}
Event: 78.488 GC heap before
{Heap before GC invocations=15 (full 0):
 garbage-first heap   total 262144K, used 222417K [0x00000000e0000000, 0x0000000100000000)
  region size 1024K, 118 young (120832K), 8 survivors (8192K)
 Metaspace       used 111055K, committed 111872K, reserved 458752K
  class space    used 14641K, committed 15040K, reserved 327680K
}
Event: 78.499 GC heap after
{Heap after GC invocations=16 (full 0):
 garbage-first heap   total 262144K, used 116224K [0x00000000e0000000, 0x0000000100000000)
  region size 1024K, 14 young (14336K), 14 survivors (14336K)
 Metaspace       used 111055K, committed 111872K, reserved 458752K
  class space    used 14641K, committed 15040K, reserved 327680K
}
Event: 78.549 GC heap before
{Heap before GC invocations=16 (full 0):
 garbage-first heap   total 262144K, used 117248K [0x00000000e0000000, 0x0000000100000000)
  region size 1024K, 15 young (15360K), 14 survivors (14336K)
 Metaspace       used 111107K, committed 111936K, reserved 458752K
  class space    used 14650K, committed 15040K, reserved 327680K
}
Event: 78.560 GC heap after
{Heap after GC invocations=17 (full 0):
 garbage-first heap   total 262144K, used 117198K [0x00000000e0000000, 0x0000000100000000)
  region size 1024K, 2 young (2048K), 2 survivors (2048K)
 Metaspace       used 111107K, committed 111936K, reserved 458752K
  class space    used 14650K, committed 15040K, reserved 327680K
}
Event: 84.426 GC heap before
{Heap before GC invocations=17 (full 0):
 garbage-first heap   total 262144K, used 214478K [0x00000000e0000000, 0x0000000100000000)
  region size 1024K, 97 young (99328K), 2 survivors (2048K)
 Metaspace       used 114385K, committed 115136K, reserved 458752K
  class space    used 15040K, committed 15424K, reserved 327680K
}
Event: 84.441 GC heap after
{Heap after GC invocations=18 (full 0):
 garbage-first heap   total 262144K, used 130048K [0x00000000e0000000, 0x0000000100000000)
  region size 1024K, 13 young (13312K), 13 survivors (13312K)
 Metaspace       used 114385K, committed 115136K, reserved 458752K
  class space    used 15040K, committed 15424K, reserved 327680K
}
Event: 93.762 GC heap before
{Heap before GC invocations=19 (full 0):
 garbage-first heap   total 262144K, used 210944K [0x00000000e0000000, 0x0000000100000000)
  region size 1024K, 91 young (93184K), 13 survivors (13312K)
 Metaspace       used 116519K, committed 117312K, reserved 458752K
  class space    used 15176K, committed 15552K, reserved 327680K
}
Event: 93.778 GC heap after
{Heap after GC invocations=20 (full 0):
 garbage-first heap   total 262144K, used 138891K [0x00000000e0000000, 0x0000000100000000)
  region size 1024K, 9 young (9216K), 9 survivors (9216K)
 Metaspace       used 116519K, committed 117312K, reserved 458752K
  class space    used 15176K, committed 15552K, reserved 327680K
}
Event: 94.163 GC heap before
{Heap before GC invocations=20 (full 0):
 garbage-first heap   total 262144K, used 141963K [0x00000000e0000000, 0x0000000100000000)
  region size 1024K, 12 young (12288K), 9 survivors (9216K)
 Metaspace       used 116634K, committed 117440K, reserved 458752K
  class space    used 15186K, committed 15552K, reserved 327680K
}
Event: 94.173 GC heap after
{Heap after GC invocations=21 (full 0):
 garbage-first heap   total 262144K, used 137119K [0x00000000e0000000, 0x0000000100000000)
  region size 1024K, 2 young (2048K), 2 survivors (2048K)
 Metaspace       used 116634K, committed 117440K, reserved 458752K
  class space    used 15186K, committed 15552K, reserved 327680K
}
Event: 95.865 GC heap before
{Heap before GC invocations=21 (full 0):
 garbage-first heap   total 262144K, used 161695K [0x00000000e0000000, 0x0000000100000000)
  region size 1024K, 27 young (27648K), 2 survivors (2048K)
 Metaspace       used 117986K, committed 118784K, reserved 458752K
  class space    used 15291K, committed 15680K, reserved 327680K
}
Event: 95.872 GC heap after
{Heap after GC invocations=22 (full 0):
 garbage-first heap   total 262144K, used 140023K [0x00000000e0000000, 0x0000000100000000)
  region size 1024K, 5 young (5120K), 5 survivors (5120K)
 Metaspace       used 117986K, committed 118784K, reserved 458752K
  class space    used 15291K, committed 15680K, reserved 327680K
}
Event: 104.310 GC heap before
{Heap before GC invocations=23 (full 0):
 garbage-first heap   total 262144K, used 223991K [0x00000000e0000000, 0x0000000100000000)
  region size 1024K, 76 young (77824K), 5 survivors (5120K)
 Metaspace       used 124299K, committed 125184K, reserved 458752K
  class space    used 16080K, committed 16512K, reserved 327680K
}

Dll operation events (15 events):
Event: 0.239 Loaded shared library C:\Users\Home\.jdks\corretto-17.0.11\bin\java.dll
Event: 0.260 Loaded shared library C:\Users\Home\.jdks\corretto-17.0.11\bin\jsvml.dll
Event: 0.409 Loaded shared library C:\Users\Home\.jdks\corretto-17.0.11\bin\zip.dll
Event: 0.446 Loaded shared library C:\Users\Home\.jdks\corretto-17.0.11\bin\instrument.dll
Event: 0.572 Loaded shared library C:\Users\Home\.jdks\corretto-17.0.11\bin\net.dll
Event: 0.603 Loaded shared library C:\Users\Home\.jdks\corretto-17.0.11\bin\nio.dll
Event: 0.618 Loaded shared library C:\Users\Home\.jdks\corretto-17.0.11\bin\zip.dll
Event: 3.256 Loaded shared library C:\Users\Home\.jdks\corretto-17.0.11\bin\jimage.dll
Event: 4.669 Loaded shared library C:\Users\Home\.jdks\corretto-17.0.11\bin\verify.dll
Event: 8.308 Loaded shared library C:\Users\Home\.gradle\native\c067742578af261105cb4f569cf0c3c89f3d7b1fecec35dd04571415982c5e48\windows-amd64\native-platform.dll
Event: 8.415 Loaded shared library C:\Users\Home\.gradle\native\38dada09dfb8b06ba9b0570ebf7e218e3eb74d4ef43ca46872605cf95ebc2f47\windows-amd64\native-platform-file-events.dll
Event: 11.581 Loaded shared library C:\Users\Home\.jdks\corretto-17.0.11\bin\management.dll
Event: 11.639 Loaded shared library C:\Users\Home\.jdks\corretto-17.0.11\bin\management_ext.dll
Event: 13.829 Loaded shared library C:\Users\Home\.jdks\corretto-17.0.11\bin\extnet.dll
Event: 15.396 Loaded shared library C:\Users\Home\.jdks\corretto-17.0.11\bin\sunmscapi.dll

Deoptimization events (20 events):
Event: 103.953 Thread 0x000001cc767af890 Uncommon trap: trap_request=0xffffff45 fr.pc=0x000001cc6359bfc8 relative=0x0000000000000608
Event: 103.953 Thread 0x000001cc767af890 Uncommon trap: reason=unstable_if action=reinterpret pc=0x000001cc6359bfc8 method=java.util.HashMap$HashIterator.<init>(Ljava/util/HashMap;)V @ 45 c2
Event: 103.953 Thread 0x000001cc767af890 DEOPT PACKING pc=0x000001cc6359bfc8 sp=0x0000002f8c8ff050
Event: 103.953 Thread 0x000001cc767af890 DEOPT UNPACKING pc=0x000001cc62dc69a3 sp=0x0000002f8c8feee0 mode 2
Event: 103.953 Thread 0x000001cc767afda0 Uncommon trap: trap_request=0xffffff45 fr.pc=0x000001cc634f65e4 relative=0x0000000000000344
Event: 103.953 Thread 0x000001cc767afda0 Uncommon trap: reason=unstable_if action=reinterpret pc=0x000001cc634f65e4 method=java.util.HashMap$HashIterator.<init>(Ljava/util/HashMap;)V @ 45 c2
Event: 103.953 Thread 0x000001cc767afda0 DEOPT PACKING pc=0x000001cc634f65e4 sp=0x0000002f8c9fed20
Event: 103.953 Thread 0x000001cc767afda0 DEOPT UNPACKING pc=0x000001cc62dc69a3 sp=0x0000002f8c9fecd8 mode 2
Event: 104.031 Thread 0x000001cc777574b0 Uncommon trap: trap_request=0xffffffc6 fr.pc=0x000001cc634ff4ec relative=0x0000000000000fcc
Event: 104.031 Thread 0x000001cc777574b0 Uncommon trap: reason=bimorphic_or_optimized_type_check action=maybe_recompile pc=0x000001cc634ff4ec method=java.util.Collections$SetFromMap.remove(Ljava/lang/Object;)Z @ 5 c2
Event: 104.031 Thread 0x000001cc777574b0 DEOPT PACKING pc=0x000001cc634ff4ec sp=0x0000002f8c6fd6a0
Event: 104.031 Thread 0x000001cc777574b0 DEOPT UNPACKING pc=0x000001cc62dc69a3 sp=0x0000002f8c6fd698 mode 2
Event: 104.148 Thread 0x000001cc767af890 DEOPT PACKING pc=0x000001cc5c2bce1c sp=0x0000002f8c8fe810
Event: 104.148 Thread 0x000001cc767af890 DEOPT UNPACKING pc=0x000001cc62dc7143 sp=0x0000002f8c8fdcd0 mode 0
Event: 104.191 Thread 0x000001cc767af890 DEOPT PACKING pc=0x000001cc5b98a674 sp=0x0000002f8c8fe6c0
Event: 104.191 Thread 0x000001cc767af890 DEOPT UNPACKING pc=0x000001cc62dc7143 sp=0x0000002f8c8fdb38 mode 0
Event: 104.221 Thread 0x000001cc741d8e90 Uncommon trap: trap_request=0xffffff45 fr.pc=0x000001cc6345bfdc relative=0x000000000000005c
Event: 104.221 Thread 0x000001cc741d8e90 Uncommon trap: reason=unstable_if action=reinterpret pc=0x000001cc6345bfdc method=java.util.Objects.equals(Ljava/lang/Object;Ljava/lang/Object;)Z @ 6 c2
Event: 104.221 Thread 0x000001cc741d8e90 DEOPT PACKING pc=0x000001cc6345bfdc sp=0x0000002f8a3faf50
Event: 104.221 Thread 0x000001cc741d8e90 DEOPT UNPACKING pc=0x000001cc62dc69a3 sp=0x0000002f8a3faef0 mode 2

Classes unloaded (0 events):
No events

Classes redefined (0 events):
No events

Internal exceptions (20 events):
Event: 97.717 Thread 0x000001cc741d8e90 Exception <a 'java/lang/ClassNotFoundException'{0x00000000ed5ab278}: org/gradle/api/internal/project/ant/BasicAntBuilderCustomizer> (0x00000000ed5ab278) 
thrown [s\src\hotspot\share\classfile\systemDictionary.cpp, line 256]
Event: 97.719 Thread 0x000001cc741d8e90 Exception <a 'java/lang/ClassNotFoundException'{0x00000000ed5d55f8}: org/gradle/api/internal/project/DefaultAntBuilderCustomizer> (0x00000000ed5d55f8) 
thrown [s\src\hotspot\share\classfile\systemDictionary.cpp, line 256]
Event: 98.228 Thread 0x000001cc747f78e0 Implicit null exception at 0x000001cc6335fd03 to 0x000001cc6335feb8
Event: 98.390 Thread 0x000001cc73ca7e90 Exception <a 'java/lang/NoSuchMethodError'{0x00000000ec70d500}: 'void java.lang.invoke.DirectMethodHandle$Holder.invokeStatic(java.lang.Object, long)'> (0x00000000ec70d500) 
thrown [s\src\hotspot\share\interpreter\linkResolver.cpp, line 759]
Event: 98.390 Thread 0x000001cc73ca7e90 Exception <a 'java/lang/NoSuchMethodError'{0x00000000ec712a18}: 'java.lang.Object java.lang.invoke.DirectMethodHandle$Holder.newInvokeSpecial(java.lang.Object, long)'> (0x00000000ec712a18) 
thrown [s\src\hotspot\share\interpreter\linkResolver.cpp, line 759]
Event: 98.392 Thread 0x000001cc73ca7e90 Exception <a 'java/lang/NoSuchMethodError'{0x00000000ec71c098}: 'java.lang.Object java.lang.invoke.DirectMethodHandle$Holder.invokeStatic(java.lang.Object, java.lang.Object, long, java.lang.Object)'> (0x00000000ec71c098) 
thrown [s\src\hotspot\share\interpreter\linkResolver.cpp, line 759]
Event: 98.392 Thread 0x000001cc73ca7e90 Exception <a 'java/lang/NoSuchMethodError'{0x00000000ec71f870}: 'java.lang.Object java.lang.invoke.DirectMethodHandle$Holder.invokeStaticInit(java.lang.Object, java.lang.Object, long, java.lang.Object)'> (0x00000000ec71f870) 
thrown [s\src\hotspot\share\interpreter\linkResolver.cpp, line 759]
Event: 100.187 Thread 0x000001cc73ca7e90 Exception <a 'java/lang/NoSuchMethodError'{0x00000000ec732450}: 'void java.lang.invoke.DirectMethodHandle$Holder.invokeSpecial(java.lang.Object, java.lang.Object, int)'> (0x00000000ec732450) 
thrown [s\src\hotspot\share\interpreter\linkResolver.cpp, line 759]
Event: 103.417 Thread 0x000001cc741d8e90 Exception <a 'java/lang/NoSuchMethodError'{0x00000000ebfd6768}: 'java.lang.Object java.lang.invoke.DirectMethodHandle$Holder.invokeSpecial(java.lang.Object, java.lang.Object, java.lang.Object, java.lang.Object, int, java.lang.Object)'> (0x00000000ebfd6768) 
thrown [s\src\hotspot\share\interpreter\linkResolver.cpp, line 759]
Event: 103.745 Thread 0x000001cc74ac91f0 Exception <a 'java/lang/NoSuchMethodError'{0x00000000ebb8b818}: static Lorg/gradle/tooling/internal/provider/PhasedBuildActionResult;.<clinit>()V> (0x00000000ebb8b818) 
thrown [s\src\hotspot\share\prims\jni.cpp, line 1112]
Event: 103.746 Thread 0x000001cc74ac91f0 Exception <a 'java/lang/NoSuchMethodError'{0x00000000ebb951c0}: static Lorg/gradle/tooling/internal/provider/serialization/SerializedPayload;.<clinit>()V> (0x00000000ebb951c0) 
thrown [s\src\hotspot\share\prims\jni.cpp, line 1112]
Event: 103.747 Thread 0x000001cc74ac91f0 Exception <a 'java/lang/NoSuchMethodError'{0x00000000ebb98060}: static [B.<clinit>()V> (0x00000000ebb98060) 
thrown [s\src\hotspot\share\prims\jni.cpp, line 1112]
Event: 104.151 Thread 0x000001cc74ac91f0 Exception <a 'java/lang/NoSuchMethodError'{0x00000000eb58c5c0}: static Lorg/gradle/internal/build/event/types/DefaultTaskStartedProgressEvent;.<clinit>()V> (0x00000000eb58c5c0) 
thrown [s\src\hotspot\share\prims\jni.cpp, line 1112]
Event: 104.151 Thread 0x000001cc74ac91f0 Exception <a 'java/lang/NoSuchMethodError'{0x00000000eb58e268}: static Lorg/gradle/internal/build/event/types/AbstractProgressEvent;.<clinit>()V> (0x00000000eb58e268) 
thrown [s\src\hotspot\share\prims\jni.cpp, line 1112]
Event: 104.182 Thread 0x000001cc74ac91f0 Exception <a 'java/lang/NoSuchMethodError'{0x00000000eb59b0c0}: static Lorg/gradle/internal/build/event/types/DefaultTaskDescriptor;.<clinit>()V> (0x00000000eb59b0c0) 
thrown [s\src\hotspot\share\prims\jni.cpp, line 1112]
Event: 104.184 Thread 0x000001cc74ac91f0 Exception <a 'java/lang/NoSuchMethodError'{0x00000000eb5a87b8}: static Lorg/gradle/internal/operations/OperationIdentifier;.<clinit>()V> (0x00000000eb5a87b8) 
thrown [s\src\hotspot\share\prims\jni.cpp, line 1112]
Event: 104.196 Thread 0x000001cc74ac91f0 Exception <a 'java/lang/NoSuchMethodError'{0x00000000eb5d1be0}: static Lorg/gradle/internal/build/event/types/DefaultTaskFinishedProgressEvent;.<clinit>()V> (0x00000000eb5d1be0) 
thrown [s\src\hotspot\share\prims\jni.cpp, line 1112]
Event: 104.206 Thread 0x000001cc74ac91f0 Exception <a 'java/lang/NoSuchMethodError'{0x00000000eb5f11f8}: static Lorg/gradle/internal/build/event/types/DefaultTaskSuccessResult;.<clinit>()V> (0x00000000eb5f11f8) 
thrown [s\src\hotspot\share\prims\jni.cpp, line 1112]
Event: 104.206 Thread 0x000001cc74ac91f0 Exception <a 'java/lang/NoSuchMethodError'{0x00000000eb5f2900}: static Lorg/gradle/internal/build/event/types/AbstractTaskResult;.<clinit>()V> (0x00000000eb5f2900) 
thrown [s\src\hotspot\share\prims\jni.cpp, line 1112]
Event: 104.206 Thread 0x000001cc74ac91f0 Exception <a 'java/lang/NoSuchMethodError'{0x00000000eb5f46f8}: static Lorg/gradle/internal/build/event/types/AbstractResult;.<clinit>()V> (0x00000000eb5f46f8) 
thrown [s\src\hotspot\share\prims\jni.cpp, line 1112]

VM Operations (20 events):
Event: 98.393 Executing VM operation: HandshakeAllThreads done
Event: 98.393 Executing VM operation: Cleanup
Event: 98.393 Executing VM operation: Cleanup done
Event: 100.219 Executing VM operation: HandshakeAllThreads
Event: 100.219 Executing VM operation: HandshakeAllThreads done
Event: 100.219 Executing VM operation: Cleanup
Event: 100.219 Executing VM operation: Cleanup done
Event: 101.222 Executing VM operation: Cleanup
Event: 101.222 Executing VM operation: Cleanup done
Event: 102.228 Executing VM operation: Cleanup
Event: 102.228 Executing VM operation: Cleanup done
Event: 103.539 Executing VM operation: HandshakeAllThreads
Event: 103.539 Executing VM operation: HandshakeAllThreads done
Event: 103.539 Executing VM operation: Cleanup
Event: 103.539 Executing VM operation: Cleanup done
Event: 104.143 Executing VM operation: HandshakeAllThreads
Event: 104.143 Executing VM operation: HandshakeAllThreads done
Event: 104.190 Executing VM operation: HandshakeAllThreads
Event: 104.190 Executing VM operation: HandshakeAllThreads done
Event: 104.293 Executing VM operation: G1CollectForAllocation

Events (20 events):
Event: 100.195 loading class java/nio/file/attribute/DosFileAttributeView done
Event: 100.195 loading class sun/nio/fs/WindowsFileAttributeViews$Dos
Event: 100.218 loading class sun/nio/fs/WindowsFileAttributeViews$Dos done
Event: 103.509 loading class java/util/stream/SortedOps
Event: 103.526 loading class java/util/stream/SortedOps done
Event: 103.526 loading class java/util/stream/SortedOps$OfRef
Event: 103.538 loading class java/util/stream/SortedOps$OfRef done
Event: 103.539 loading class java/util/stream/SortedOps$SizedRefSortingSink
Event: 103.539 loading class java/util/stream/SortedOps$AbstractRefSortingSink
Event: 103.540 loading class java/util/stream/SortedOps$AbstractRefSortingSink done
Event: 103.540 loading class java/util/stream/SortedOps$SizedRefSortingSink done
Event: 103.932 Thread 0x000001cc777574b0 Thread added: 0x000001cc777574b0
Event: 103.941 Thread 0x000001cc767aee70 Thread added: 0x000001cc767aee70
Event: 103.941 Thread 0x000001cc767af890 Thread added: 0x000001cc767af890
Event: 103.942 Thread 0x000001cc767afda0 Thread added: 0x000001cc767afda0
Event: 104.036 Thread 0x000001cc767b07c0 Thread added: 0x000001cc767b07c0
Event: 104.069 loading class java/util/TreeMap$KeySpliterator
Event: 104.139 loading class java/util/TreeMap$KeySpliterator done
Event: 104.209 loading class java/util/concurrent/ConcurrentLinkedQueue$Itr
Event: 104.212 loading class java/util/concurrent/ConcurrentLinkedQueue$Itr done


Dynamic libraries:
0x00007ff7d9cd0000 - 0x00007ff7d9cde000 	C:\Users\Home\.jdks\corretto-17.0.11\bin\java.exe
0x00007ff8ec7f0000 - 0x00007ff8ec9e8000 	C:\Windows\SYSTEM32\ntdll.dll
0x00007ff8ea860000 - 0x00007ff8ea91d000 	C:\Windows\System32\KERNEL32.DLL
0x00007ff8ea480000 - 0x00007ff8ea776000 	C:\Windows\System32\KERNELBASE.dll
0x00007ff8ea070000 - 0x00007ff8ea170000 	C:\Windows\System32\ucrtbase.dll
0x00007ff8cd3a0000 - 0x00007ff8cd3b7000 	C:\Users\Home\.jdks\corretto-17.0.11\bin\jli.dll
0x00007ff8a9c40000 - 0x00007ff8a9c5b000 	C:\Users\Home\.jdks\corretto-17.0.11\bin\VCRUNTIME140.dll
0x00007ff8ebeb0000 - 0x00007ff8ec04f000 	C:\Windows\System32\USER32.dll
0x00007ff8ea040000 - 0x00007ff8ea062000 	C:\Windows\System32\win32u.dll
0x00007ff8d6690000 - 0x00007ff8d692a000 	C:\Windows\WinSxS\amd64_microsoft.windows.common-controls_6595b64144ccf1df_6.0.19041.4355_none_60b8b9eb71f62e16\COMCTL32.dll
0x00007ff8ec650000 - 0x00007ff8ec67b000 	C:\Windows\System32\GDI32.dll
0x00007ff8ea360000 - 0x00007ff8ea477000 	C:\Windows\System32\gdi32full.dll
0x00007ff8ea980000 - 0x00007ff8eaa1e000 	C:\Windows\System32\msvcrt.dll
0x00007ff8e9f20000 - 0x00007ff8e9fbd000 	C:\Windows\System32\msvcp_win.dll
0x00007ff8ea830000 - 0x00007ff8ea85f000 	C:\Windows\System32\IMM32.DLL
0x00007ff8dc220000 - 0x00007ff8dc22c000 	C:\Users\Home\.jdks\corretto-17.0.11\bin\vcruntime140_1.dll
0x00007ff89ee60000 - 0x00007ff89eeed000 	C:\Users\Home\.jdks\corretto-17.0.11\bin\msvcp140.dll
0x00007ff89ab40000 - 0x00007ff89b7a2000 	C:\Users\Home\.jdks\corretto-17.0.11\bin\server\jvm.dll
0x00007ff8ec230000 - 0x00007ff8ec2e0000 	C:\Windows\System32\ADVAPI32.dll
0x00007ff8eab60000 - 0x00007ff8eac00000 	C:\Windows\System32\sechost.dll
0x00007ff8ec100000 - 0x00007ff8ec223000 	C:\Windows\System32\RPCRT4.dll
0x00007ff8ea010000 - 0x00007ff8ea037000 	C:\Windows\System32\bcrypt.dll
0x00007ff8e9d00000 - 0x00007ff8e9d4b000 	C:\Windows\SYSTEM32\POWRPROF.dll
0x00007ff8dc3b0000 - 0x00007ff8dc3b9000 	C:\Windows\SYSTEM32\WSOCK32.dll
0x00007ff8e0340000 - 0x00007ff8e0367000 	C:\Windows\SYSTEM32\WINMM.dll
0x00007ff8eb820000 - 0x00007ff8eb88b000 	C:\Windows\System32\WS2_32.dll
0x00007ff8e5360000 - 0x00007ff8e536a000 	C:\Windows\SYSTEM32\VERSION.dll
0x00007ff8e9ce0000 - 0x00007ff8e9cf2000 	C:\Windows\SYSTEM32\UMPDC.dll
0x00007ff8e7d50000 - 0x00007ff8e7d62000 	C:\Windows\SYSTEM32\kernel.appcore.dll
0x00007ff8cf0a0000 - 0x00007ff8cf0aa000 	C:\Users\Home\.jdks\corretto-17.0.11\bin\jimage.dll
0x00007ff8df850000 - 0x00007ff8dfa34000 	C:\Windows\SYSTEM32\DBGHELP.DLL
0x00007ff8df810000 - 0x00007ff8df844000 	C:\Windows\SYSTEM32\dbgcore.DLL
0x00007ff8ea2d0000 - 0x00007ff8ea352000 	C:\Windows\System32\bcryptPrimitives.dll
0x00007ff8cd250000 - 0x00007ff8cd25e000 	C:\Users\Home\.jdks\corretto-17.0.11\bin\instrument.dll
0x00007ff8a9c10000 - 0x00007ff8a9c35000 	C:\Users\Home\.jdks\corretto-17.0.11\bin\java.dll
0x00007ff89ed80000 - 0x00007ff89ee57000 	C:\Users\Home\.jdks\corretto-17.0.11\bin\jsvml.dll
0x00007ff8eac30000 - 0x00007ff8eb39c000 	C:\Windows\System32\SHELL32.dll
0x00007ff8e7f50000 - 0x00007ff8e86ed000 	C:\Windows\SYSTEM32\windows.storage.dll
0x00007ff8ebb50000 - 0x00007ff8ebea3000 	C:\Windows\System32\combase.dll
0x00007ff8e9800000 - 0x00007ff8e982e000 	C:\Windows\SYSTEM32\Wldp.dll
0x00007ff8ec6e0000 - 0x00007ff8ec7ad000 	C:\Windows\System32\OLEAUT32.dll
0x00007ff8ec050000 - 0x00007ff8ec0fd000 	C:\Windows\System32\SHCORE.dll
0x00007ff8eb8a0000 - 0x00007ff8eb8f5000 	C:\Windows\System32\shlwapi.dll
0x00007ff8e9de0000 - 0x00007ff8e9e04000 	C:\Windows\SYSTEM32\profapi.dll
0x00007ff8a9320000 - 0x00007ff8a9338000 	C:\Users\Home\.jdks\corretto-17.0.11\bin\zip.dll
0x00007ff8a9300000 - 0x00007ff8a9319000 	C:\Users\Home\.jdks\corretto-17.0.11\bin\net.dll
0x00007ff8e5860000 - 0x00007ff8e596a000 	C:\Windows\SYSTEM32\WINHTTP.dll
0x00007ff8e9560000 - 0x00007ff8e95ca000 	C:\Windows\system32\mswsock.dll
0x00007ff8a92e0000 - 0x00007ff8a92f6000 	C:\Users\Home\.jdks\corretto-17.0.11\bin\nio.dll
0x00007ff8ccde0000 - 0x00007ff8ccdf0000 	C:\Users\Home\.jdks\corretto-17.0.11\bin\verify.dll
0x00007ff8abc80000 - 0x00007ff8abca7000 	C:\Users\Home\.gradle\native\c067742578af261105cb4f569cf0c3c89f3d7b1fecec35dd04571415982c5e48\windows-amd64\native-platform.dll
0x00007ff89e0a0000 - 0x00007ff89e1e4000 	C:\Users\Home\.gradle\native\38dada09dfb8b06ba9b0570ebf7e218e3eb74d4ef43ca46872605cf95ebc2f47\windows-amd64\native-platform-file-events.dll
0x00007ff8cb390000 - 0x00007ff8cb399000 	C:\Users\Home\.jdks\corretto-17.0.11\bin\management.dll
0x00007ff8ca290000 - 0x00007ff8ca29b000 	C:\Users\Home\.jdks\corretto-17.0.11\bin\management_ext.dll
0x00007ff8eb890000 - 0x00007ff8eb898000 	C:\Windows\System32\PSAPI.DLL
0x00007ff8e9760000 - 0x00007ff8e9778000 	C:\Windows\SYSTEM32\CRYPTSP.dll
0x00007ff8e8e80000 - 0x00007ff8e8eb4000 	C:\Windows\system32\rsaenh.dll
0x00007ff8e9d50000 - 0x00007ff8e9d7e000 	C:\Windows\SYSTEM32\USERENV.dll
0x00007ff8e9750000 - 0x00007ff8e975c000 	C:\Windows\SYSTEM32\CRYPTBASE.dll
0x00007ff8e9240000 - 0x00007ff8e927b000 	C:\Windows\SYSTEM32\IPHLPAPI.DLL
0x00007ff8eac20000 - 0x00007ff8eac28000 	C:\Windows\System32\NSI.dll
0x00007ff8e57e0000 - 0x00007ff8e57f7000 	C:\Windows\SYSTEM32\dhcpcsvc6.DLL
0x00007ff8e57c0000 - 0x00007ff8e57dd000 	C:\Windows\SYSTEM32\dhcpcsvc.DLL
0x00007ff8e9280000 - 0x00007ff8e934a000 	C:\Windows\SYSTEM32\DNSAPI.dll
0x00007ff8c73f0000 - 0x00007ff8c73f9000 	C:\Users\Home\.jdks\corretto-17.0.11\bin\extnet.dll
0x00007ff8c71d0000 - 0x00007ff8c71de000 	C:\Users\Home\.jdks\corretto-17.0.11\bin\sunmscapi.dll
0x00007ff8ea170000 - 0x00007ff8ea2ce000 	C:\Windows\System32\CRYPT32.dll
0x00007ff8e98d0000 - 0x00007ff8e98f9000 	C:\Windows\SYSTEM32\ncrypt.dll
0x00007ff8e9890000 - 0x00007ff8e98cb000 	C:\Windows\SYSTEM32\NTASN1.dll
0x00007ff8d5c10000 - 0x00007ff8d5c17000 	C:\Windows\system32\wshunix.dll

dbghelp: loaded successfully - version: 4.0.5 - missing functions: none
symbol engine: initialized successfully - sym options: 0x614 - pdb path: .;C:\Users\Home\.jdks\corretto-17.0.11\bin;C:\Windows\SYSTEM32;C:\Windows\WinSxS\amd64_microsoft.windows.common-controls_6595b64144ccf1df_6.0.19041.4355_none_60b8b9eb71f62e16;C:\Users\Home\.jdks\corretto-17.0.11\bin\server;C:\Users\Home\.gradle\native\c067742578af261105cb4f569cf0c3c89f3d7b1fecec35dd04571415982c5e48\windows-amd64;C:\Users\Home\.gradle\native\38dada09dfb8b06ba9b0570ebf7e218e3eb74d4ef43ca46872605cf95ebc2f47\windows-amd64

VM Arguments:
jvm_args: --add-opens=java.base/java.util=ALL-UNNAMED --add-opens=java.base/java.lang=ALL-UNNAMED --add-opens=java.base/java.lang.invoke=ALL-UNNAMED --add-opens=java.prefs/java.util.prefs=ALL-UNNAMED --add-opens=java.base/java.nio.charset=ALL-UNNAMED --add-opens=java.base/java.net=ALL-UNNAMED --add-opens=java.base/java.util.concurrent.atomic=ALL-UNNAMED -XX:MaxMetaspaceSize=384m -XX:+HeapDumpOnOutOfMemoryError -Xms256m -Xmx512m -Dfile.encoding=windows-1252 -Duser.country=US -Duser.language=en -Duser.variant -javaagent:C:\Users\Home\.gradle\wrapper\dists\gradle-8.4-bin\1w5dpkrfk8irigvoxmyhowfim\gradle-8.4\lib\agents\gradle-instrumentation-agent-8.4.jar 
java_command: org.gradle.launcher.daemon.bootstrap.GradleDaemon 8.4
java_class_path (initial): C:\Users\Home\.gradle\wrapper\dists\gradle-8.4-bin\1w5dpkrfk8irigvoxmyhowfim\gradle-8.4\lib\gradle-launcher-8.4.jar
Launcher Type: SUN_STANDARD

[Global flags]
     intx CICompilerCount                          = 3                                         {product} {ergonomic}
   size_t CompressedClassSpaceSize                 = 335544320                                 {product} {ergonomic}
     uint ConcGCThreads                            = 1                                         {product} {ergonomic}
     uint G1ConcRefinementThreads                  = 4                                         {product} {ergonomic}
   size_t G1HeapRegionSize                         = 1048576                                   {product} {ergonomic}
    uintx GCDrainStackTargetSize                   = 64                                        {product} {ergonomic}
     bool HeapDumpOnOutOfMemoryError               = true                                   {manageable} {command line}
   size_t InitialHeapSize                          = 268435456                                 {product} {command line}
   size_t MarkStackSize                            = 4194304                                   {product} {ergonomic}
   size_t MaxHeapSize                              = 536870912                                 {product} {command line}
   size_t MaxMetaspaceSize                         = 402653184                                 {product} {command line}
   size_t MaxNewSize                               = 321912832                                 {product} {ergonomic}
   size_t MinHeapDeltaBytes                        = 1048576                                   {product} {ergonomic}
   size_t MinHeapSize                              = 268435456                                 {product} {command line}
    uintx NonNMethodCodeHeapSize                   = 5832780                                {pd product} {ergonomic}
    uintx NonProfiledCodeHeapSize                  = 122912730                              {pd product} {ergonomic}
    uintx ProfiledCodeHeapSize                     = 122912730                              {pd product} {ergonomic}
    uintx ReservedCodeCacheSize                    = 251658240                              {pd product} {ergonomic}
     bool SegmentedCodeCache                       = true                                      {product} {ergonomic}
   size_t SoftMaxHeapSize                          = 536870912                              {manageable} {ergonomic}
     bool UseCompressedClassPointers               = true                           {product lp64_product} {ergonomic}
     bool UseCompressedOops                        = true                           {product lp64_product} {ergonomic}
     bool UseG1GC                                  = true                                      {product} {ergonomic}
     bool UseLargePagesIndividualAllocation        = false                                  {pd product} {ergonomic}

Logging:
Log output configuration:
 #0: stdout all=warning uptime,level,tags
 #1: stderr all=off uptime,level,tags

Environment Variables:
JAVA_HOME=C:\Program Files\Java\jdk-21
PATH=C:\Program Files\Java\jre-1.8\bin;C:\Program Files\Java\jdk-21\bin;C:\Program Files (x86)\OpenLogic\jdk-8.0.412.08-hotspot\bin;C:\Program Files\Common Files\Oracle\Java\javapath;C:\Program Files (x86)\Common Files\Oracle\Java\java8path;C:\Program Files (x86)\Common Files\Oracle\Java\javapath;C:\Python312\Scripts\;C:\Python312\;C:\ProgramData\Oracle\Java\javapath;C:\Windows\system32;C:\Windows;C:\Windows\System32\Wbem;C:\Windows\System32\WindowsPowerShell\v1.0\;C:\Windows\System32\OpenSSH\;C:\Program Files\nodejs\;C:\ProgramData\chocolatey\bin;C:\Program Files\dotnet\;C:\Program Files (x86)\NVIDIA Corporation\PhysX\Common;C:\Program Files\NVIDIA Corporation\NVIDIA NvDLISR;C:\Program Files\Git\cmd;C:\Users\Home\AppData\Local\Microsoft\WindowsApps;;C:\Program Files\JetBrains\IntelliJ IDEA 2024.1\bin;;C:\Users\Home\AppData\Local\Programs\Microsoft VS Code\bin;C:\Users\Home\AppData\Roaming\npm;C:\Users\Home\.dotnet\tools;C:\Program Files\JetBrains\IntelliJ IDEA Community Edition 2024.1.1\bin;
USERNAME=Home
OS=Windows_NT
PROCESSOR_IDENTIFIER=Intel64 Family 6 Model 42 Stepping 7, GenuineIntel
TMP=C:\Users\Home\AppData\Local\Temp
TEMP=C:\Users\Home\AppData\Local\Temp



Periodic native trim disabled


---------------  S Y S T E M  ---------------

OS:
 Windows 10 , 64 bit Build 19041 (10.0.19041.3636)
OS uptime: 2 days 23:47 hours

CPU: total 4 (initial active 4) (4 cores per cpu, 1 threads per core) family 6 model 42 stepping 7 microcode 0x2f, cx8, cmov, fxsr, mmx, sse, sse2, sse3, ssse3, sse4.1, sse4.2, popcnt, tsc, tscinvbit, avx, aes, clmul, vzeroupper, clflush
Processor Information for all 4 processors :
  Max Mhz: 3101, Current Mhz: 3101, Mhz Limit: 3101

Memory: 4k page, system-wide physical 10196M (3815M free)
TotalPageFile size 17108M (AvailPageFile size 10029M)
current process WorkingSet (physical memory assigned to process): 550M, peak: 551M
current process commit charge ("private bytes"): 591M, peak: 593M

vm_info: OpenJDK 64-Bit Server VM (17.0.11+9-LTS) for windows-amd64 JRE (17.0.11+9-LTS), built on Apr 10 2024 22:12:24 by "Administrator" with MS VC++ 16.10 / 16.11 (VS2019)

END.
